DEBUG - 2025-09-21 10:40:07 --> Session: Class initialized using 'CodeIgniter\Session\Handlers\FileHandler' driver.
DEBUG - 2025-09-21 10:40:14 --> Session: Class initialized using 'CodeIgniter\Session\Handlers\FileHandler' driver.
DEBUG - 2025-09-21 10:40:15 --> Session: Class initialized using 'CodeIgniter\Session\Handlers\FileHandler' driver.
DEBUG - 2025-09-21 10:40:19 --> Session: Class initialized using 'CodeIgniter\Session\Handlers\FileHandler' driver.
DEBUG - 2025-09-21 10:40:25 --> Session: Class initialized using 'CodeIgniter\Session\Handlers\FileHandler' driver.
DEBUG - 2025-09-21 10:40:31 --> Session: Class initialized using 'CodeIgniter\Session\Handlers\FileHandler' driver.
DEBUG - 2025-09-21 10:40:31 --> Session: Class initialized using 'CodeIgniter\Session\Handlers\FileHandler' driver.
DEBUG - 2025-09-21 10:40:41 --> Session: Class initialized using 'CodeIgniter\Session\Handlers\FileHandler' driver.
DEBUG - 2025-09-21 10:40:42 --> Session: Class initialized using 'CodeIgniter\Session\Handlers\FileHandler' driver.
DEBUG - 2025-09-21 10:40:43 --> Session: Class initialized using 'CodeIgniter\Session\Handlers\FileHandler' driver.
CRITICAL - 2025-09-21 10:40:44 --> CodeIgniter\View\Exceptions\ViewException: Invalid file: "student/courses.php"
[Method: GET, Route: student/courses]
in SYSTEMPATH\Exceptions\FrameworkException.php on line 39.
 1 SYSTEMPATH\View\View.php(214): CodeIgniter\Exceptions\FrameworkException::forInvalidFile('student/courses.php')
 2 SYSTEMPATH\Common.php(1167): CodeIgniter\View\View->render('student/courses', [], true)
 3 APPPATH\Controllers\Student.php(19): view('student/courses', [...])
 4 SYSTEMPATH\CodeIgniter.php(933): App\Controllers\Student->courses()
 5 SYSTEMPATH\CodeIgniter.php(507): CodeIgniter\CodeIgniter->runController(Object(App\Controllers\Student))
 6 SYSTEMPATH\CodeIgniter.php(354): CodeIgniter\CodeIgniter->handleRequest(null, Object(Config\Cache), false)
 7 SYSTEMPATH\Boot.php(363): CodeIgniter\CodeIgniter->run()
 8 SYSTEMPATH\Boot.php(68): CodeIgniter\Boot::runCodeIgniter(Object(CodeIgniter\CodeIgniter))
 9 FCPATH\index.php(59): CodeIgniter\Boot::bootWeb(Object(Config\Paths))
10 SYSTEMPATH\rewrite.php(44): require_once('C:\\Users\\Ersya Hasby Satria\\Documents\\GitHub\\Mission3-Proyek3\\CI4 - Mission3\\public\\index.php')
DEBUG - 2025-09-21 10:42:00 --> Session: Class initialized using 'CodeIgniter\Session\Handlers\FileHandler' driver.
DEBUG - 2025-09-21 10:42:03 --> Session: Class initialized using 'CodeIgniter\Session\Handlers\FileHandler' driver.
DEBUG - 2025-09-21 10:42:10 --> Session: Class initialized using 'CodeIgniter\Session\Handlers\FileHandler' driver.
DEBUG - 2025-09-21 10:42:10 --> Session: Class initialized using 'CodeIgniter\Session\Handlers\FileHandler' driver.
DEBUG - 2025-09-21 10:42:12 --> Session: Class initialized using 'CodeIgniter\Session\Handlers\FileHandler' driver.
ERROR - 2025-09-21 10:42:12 --> mysqli_sql_exception: Unknown column 'e.student_id' in 'where clause' in C:\Users\Ersya Hasby Satria\Documents\GitHub\Mission3-Proyek3\CI4 - Mission3\system\Database\MySQLi\Connection.php:327
Stack trace:
#0 C:\Users\Ersya Hasby Satria\Documents\GitHub\Mission3-Proyek3\CI4 - Mission3\system\Database\MySQLi\Connection.php(327): mysqli->query('SELECT `c`.`id`...', 0)
#1 C:\Users\Ersya Hasby Satria\Documents\GitHub\Mission3-Proyek3\CI4 - Mission3\system\Database\BaseConnection.php(729): CodeIgniter\Database\MySQLi\Connection->execute('SELECT `c`.`id`...')
#2 C:\Users\Ersya Hasby Satria\Documents\GitHub\Mission3-Proyek3\CI4 - Mission3\system\Database\BaseConnection.php(646): CodeIgniter\Database\BaseConnection->simpleQuery('SELECT `c`.`id`...')
#3 C:\Users\Ersya Hasby Satria\Documents\GitHub\Mission3-Proyek3\CI4 - Mission3\system\Database\BaseBuilder.php(1649): CodeIgniter\Database\BaseConnection->query('SELECT `c`.`id`...', Array, false)
#4 C:\Users\Ersya Hasby Satria\Documents\GitHub\Mission3-Proyek3\CI4 - Mission3\app\Controllers\Student.php(35): CodeIgniter\Database\BaseBuilder->get()
#5 C:\Users\Ersya Hasby Satria\Documents\GitHub\Mission3-Proyek3\CI4 - Mission3\system\CodeIgniter.php(933): App\Controllers\Student->courses()
#6 C:\Users\Ersya Hasby Satria\Documents\GitHub\Mission3-Proyek3\CI4 - Mission3\system\CodeIgniter.php(507): CodeIgniter\CodeIgniter->runController(Object(App\Controllers\Student))
#7 C:\Users\Ersya Hasby Satria\Documents\GitHub\Mission3-Proyek3\CI4 - Mission3\system\CodeIgniter.php(354): CodeIgniter\CodeIgniter->handleRequest(NULL, Object(Config\Cache), false)
#8 C:\Users\Ersya Hasby Satria\Documents\GitHub\Mission3-Proyek3\CI4 - Mission3\system\Boot.php(363): CodeIgniter\CodeIgniter->run()
#9 C:\Users\Ersya Hasby Satria\Documents\GitHub\Mission3-Proyek3\CI4 - Mission3\system\Boot.php(68): CodeIgniter\Boot::runCodeIgniter(Object(CodeIgniter\CodeIgniter))
#10 C:\Users\Ersya Hasby Satria\Documents\GitHub\Mission3-Proyek3\CI4 - Mission3\public\index.php(59): CodeIgniter\Boot::bootWeb(Object(Config\Paths))
#11 C:\Users\Ersya Hasby Satria\Documents\GitHub\Mission3-Proyek3\CI4 - Mission3\system\rewrite.php(44): require_once('C:\\Users\\Ersya ...')
#12 {main}
CRITICAL - 2025-09-21 10:42:12 --> CodeIgniter\Database\Exceptions\DatabaseException: Unknown column 'e.student_id' in 'where clause'
[Method: GET, Route: student/courses]
in SYSTEMPATH\Database\BaseConnection.php on line 684.
 1 SYSTEMPATH\Database\BaseBuilder.php(1649): CodeIgniter\Database\BaseConnection->query('SELECT `c`.`id`, `c`.`title`, `c`.`description`
FROM `enrollments` `e`
JOIN `courses` `c` ON `c`.`id` = `e`.`course_id`
WHERE `e`.`student_id` = :e.student_id:', [...], false)
 2 APPPATH\Controllers\Student.php(35): CodeIgniter\Database\BaseBuilder->get()
 3 SYSTEMPATH\CodeIgniter.php(933): App\Controllers\Student->courses()
 4 SYSTEMPATH\CodeIgniter.php(507): CodeIgniter\CodeIgniter->runController(Object(App\Controllers\Student))
 5 SYSTEMPATH\CodeIgniter.php(354): CodeIgniter\CodeIgniter->handleRequest(null, Object(Config\Cache), false)
 6 SYSTEMPATH\Boot.php(363): CodeIgniter\CodeIgniter->run()
 7 SYSTEMPATH\Boot.php(68): CodeIgniter\Boot::runCodeIgniter(Object(CodeIgniter\CodeIgniter))
 8 FCPATH\index.php(59): CodeIgniter\Boot::bootWeb(Object(Config\Paths))
 9 SYSTEMPATH\rewrite.php(44): require_once('C:\\Users\\Ersya Hasby Satria\\Documents\\GitHub\\Mission3-Proyek3\\CI4 - Mission3\\public\\index.php')
CRITICAL - 2025-09-21 10:42:12 --> [Caused by] CodeIgniter\Database\Exceptions\DatabaseException: Unknown column 'e.student_id' in 'where clause'
in SYSTEMPATH\Database\MySQLi\Connection.php on line 332.
 1 SYSTEMPATH\Database\BaseConnection.php(729): CodeIgniter\Database\MySQLi\Connection->execute('SELECT `c`.`id`, `c`.`title`, `c`.`description`
FROM `enrollments` `e`
JOIN `courses` `c` ON `c`.`id` = `e`.`course_id`
WHERE `e`.`student_id` = \'2\'')
 2 SYSTEMPATH\Database\BaseConnection.php(646): CodeIgniter\Database\BaseConnection->simpleQuery('SELECT `c`.`id`, `c`.`title`, `c`.`description`
FROM `enrollments` `e`
JOIN `courses` `c` ON `c`.`id` = `e`.`course_id`
WHERE `e`.`student_id` = \'2\'')
 3 SYSTEMPATH\Database\BaseBuilder.php(1649): CodeIgniter\Database\BaseConnection->query('SELECT `c`.`id`, `c`.`title`, `c`.`description`
FROM `enrollments` `e`
JOIN `courses` `c` ON `c`.`id` = `e`.`course_id`
WHERE `e`.`student_id` = :e.student_id:', [...], false)
 4 APPPATH\Controllers\Student.php(35): CodeIgniter\Database\BaseBuilder->get()
 5 SYSTEMPATH\CodeIgniter.php(933): App\Controllers\Student->courses()
 6 SYSTEMPATH\CodeIgniter.php(507): CodeIgniter\CodeIgniter->runController(Object(App\Controllers\Student))
 7 SYSTEMPATH\CodeIgniter.php(354): CodeIgniter\CodeIgniter->handleRequest(null, Object(Config\Cache), false)
 8 SYSTEMPATH\Boot.php(363): CodeIgniter\CodeIgniter->run()
 9 SYSTEMPATH\Boot.php(68): CodeIgniter\Boot::runCodeIgniter(Object(CodeIgniter\CodeIgniter))
10 FCPATH\index.php(59): CodeIgniter\Boot::bootWeb(Object(Config\Paths))
11 SYSTEMPATH\rewrite.php(44): require_once('C:\\Users\\Ersya Hasby Satria\\Documents\\GitHub\\Mission3-Proyek3\\CI4 - Mission3\\public\\index.php')
CRITICAL - 2025-09-21 10:42:12 --> [Caused by] mysqli_sql_exception: Unknown column 'e.student_id' in 'where clause'
in SYSTEMPATH\Database\MySQLi\Connection.php on line 327.
 1 SYSTEMPATH\Database\MySQLi\Connection.php(327): mysqli->query('SELECT `c`.`id`, `c`.`title`, `c`.`description`
FROM `enrollments` `e`
JOIN `courses` `c` ON `c`.`id` = `e`.`course_id`
WHERE `e`.`student_id` = \'2\'', 0)
 2 SYSTEMPATH\Database\BaseConnection.php(729): CodeIgniter\Database\MySQLi\Connection->execute('SELECT `c`.`id`, `c`.`title`, `c`.`description`
FROM `enrollments` `e`
JOIN `courses` `c` ON `c`.`id` = `e`.`course_id`
WHERE `e`.`student_id` = \'2\'')
 3 SYSTEMPATH\Database\BaseConnection.php(646): CodeIgniter\Database\BaseConnection->simpleQuery('SELECT `c`.`id`, `c`.`title`, `c`.`description`
FROM `enrollments` `e`
JOIN `courses` `c` ON `c`.`id` = `e`.`course_id`
WHERE `e`.`student_id` = \'2\'')
 4 SYSTEMPATH\Database\BaseBuilder.php(1649): CodeIgniter\Database\BaseConnection->query('SELECT `c`.`id`, `c`.`title`, `c`.`description`
FROM `enrollments` `e`
JOIN `courses` `c` ON `c`.`id` = `e`.`course_id`
WHERE `e`.`student_id` = :e.student_id:', [...], false)
 5 APPPATH\Controllers\Student.php(35): CodeIgniter\Database\BaseBuilder->get()
 6 SYSTEMPATH\CodeIgniter.php(933): App\Controllers\Student->courses()
 7 SYSTEMPATH\CodeIgniter.php(507): CodeIgniter\CodeIgniter->runController(Object(App\Controllers\Student))
 8 SYSTEMPATH\CodeIgniter.php(354): CodeIgniter\CodeIgniter->handleRequest(null, Object(Config\Cache), false)
 9 SYSTEMPATH\Boot.php(363): CodeIgniter\CodeIgniter->run()
10 SYSTEMPATH\Boot.php(68): CodeIgniter\Boot::runCodeIgniter(Object(CodeIgniter\CodeIgniter))
11 FCPATH\index.php(59): CodeIgniter\Boot::bootWeb(Object(Config\Paths))
12 SYSTEMPATH\rewrite.php(44): require_once('C:\\Users\\Ersya Hasby Satria\\Documents\\GitHub\\Mission3-Proyek3\\CI4 - Mission3\\public\\index.php')
DEBUG - 2025-09-21 10:43:34 --> Session: Class initialized using 'CodeIgniter\Session\Handlers\FileHandler' driver.
DEBUG - 2025-09-21 10:43:43 --> Session: Class initialized using 'CodeIgniter\Session\Handlers\FileHandler' driver.
DEBUG - 2025-09-21 10:43:50 --> Session: Class initialized using 'CodeIgniter\Session\Handlers\FileHandler' driver.
DEBUG - 2025-09-21 10:43:50 --> Session: Class initialized using 'CodeIgniter\Session\Handlers\FileHandler' driver.
DEBUG - 2025-09-21 10:43:51 --> Session: Class initialized using 'CodeIgniter\Session\Handlers\FileHandler' driver.
ERROR - 2025-09-21 10:43:51 --> mysqli_sql_exception: Unknown column 'e.student_id' in 'where clause' in C:\Users\Ersya Hasby Satria\Documents\GitHub\Mission3-Proyek3\CI4 - Mission3\system\Database\MySQLi\Connection.php:327
Stack trace:
#0 C:\Users\Ersya Hasby Satria\Documents\GitHub\Mission3-Proyek3\CI4 - Mission3\system\Database\MySQLi\Connection.php(327): mysqli->query('SELECT `c`.`id`...', 0)
#1 C:\Users\Ersya Hasby Satria\Documents\GitHub\Mission3-Proyek3\CI4 - Mission3\system\Database\BaseConnection.php(729): CodeIgniter\Database\MySQLi\Connection->execute('SELECT `c`.`id`...')
#2 C:\Users\Ersya Hasby Satria\Documents\GitHub\Mission3-Proyek3\CI4 - Mission3\system\Database\BaseConnection.php(646): CodeIgniter\Database\BaseConnection->simpleQuery('SELECT `c`.`id`...')
#3 C:\Users\Ersya Hasby Satria\Documents\GitHub\Mission3-Proyek3\CI4 - Mission3\system\Database\BaseBuilder.php(1649): CodeIgniter\Database\BaseConnection->query('SELECT `c`.`id`...', Array, false)
#4 C:\Users\Ersya Hasby Satria\Documents\GitHub\Mission3-Proyek3\CI4 - Mission3\app\Controllers\Student.php(35): CodeIgniter\Database\BaseBuilder->get()
#5 C:\Users\Ersya Hasby Satria\Documents\GitHub\Mission3-Proyek3\CI4 - Mission3\system\CodeIgniter.php(933): App\Controllers\Student->courses()
#6 C:\Users\Ersya Hasby Satria\Documents\GitHub\Mission3-Proyek3\CI4 - Mission3\system\CodeIgniter.php(507): CodeIgniter\CodeIgniter->runController(Object(App\Controllers\Student))
#7 C:\Users\Ersya Hasby Satria\Documents\GitHub\Mission3-Proyek3\CI4 - Mission3\system\CodeIgniter.php(354): CodeIgniter\CodeIgniter->handleRequest(NULL, Object(Config\Cache), false)
#8 C:\Users\Ersya Hasby Satria\Documents\GitHub\Mission3-Proyek3\CI4 - Mission3\system\Boot.php(363): CodeIgniter\CodeIgniter->run()
#9 C:\Users\Ersya Hasby Satria\Documents\GitHub\Mission3-Proyek3\CI4 - Mission3\system\Boot.php(68): CodeIgniter\Boot::runCodeIgniter(Object(CodeIgniter\CodeIgniter))
#10 C:\Users\Ersya Hasby Satria\Documents\GitHub\Mission3-Proyek3\CI4 - Mission3\public\index.php(59): CodeIgniter\Boot::bootWeb(Object(Config\Paths))
#11 C:\Users\Ersya Hasby Satria\Documents\GitHub\Mission3-Proyek3\CI4 - Mission3\system\rewrite.php(44): require_once('C:\\Users\\Ersya ...')
#12 {main}
CRITICAL - 2025-09-21 10:43:51 --> CodeIgniter\Database\Exceptions\DatabaseException: Unknown column 'e.student_id' in 'where clause'
[Method: GET, Route: student/courses]
in SYSTEMPATH\Database\BaseConnection.php on line 684.
 1 SYSTEMPATH\Database\BaseBuilder.php(1649): CodeIgniter\Database\BaseConnection->query('SELECT `c`.`id`, `c`.`title`, `c`.`description`
FROM `enrollments` `e`
JOIN `courses` `c` ON `c`.`id` = `e`.`course_id`
WHERE `e`.`student_id` = :e.student_id:', [...], false)
 2 APPPATH\Controllers\Student.php(35): CodeIgniter\Database\BaseBuilder->get()
 3 SYSTEMPATH\CodeIgniter.php(933): App\Controllers\Student->courses()
 4 SYSTEMPATH\CodeIgniter.php(507): CodeIgniter\CodeIgniter->runController(Object(App\Controllers\Student))
 5 SYSTEMPATH\CodeIgniter.php(354): CodeIgniter\CodeIgniter->handleRequest(null, Object(Config\Cache), false)
 6 SYSTEMPATH\Boot.php(363): CodeIgniter\CodeIgniter->run()
 7 SYSTEMPATH\Boot.php(68): CodeIgniter\Boot::runCodeIgniter(Object(CodeIgniter\CodeIgniter))
 8 FCPATH\index.php(59): CodeIgniter\Boot::bootWeb(Object(Config\Paths))
 9 SYSTEMPATH\rewrite.php(44): require_once('C:\\Users\\Ersya Hasby Satria\\Documents\\GitHub\\Mission3-Proyek3\\CI4 - Mission3\\public\\index.php')
CRITICAL - 2025-09-21 10:43:51 --> [Caused by] CodeIgniter\Database\Exceptions\DatabaseException: Unknown column 'e.student_id' in 'where clause'
in SYSTEMPATH\Database\MySQLi\Connection.php on line 332.
 1 SYSTEMPATH\Database\BaseConnection.php(729): CodeIgniter\Database\MySQLi\Connection->execute('SELECT `c`.`id`, `c`.`title`, `c`.`description`
FROM `enrollments` `e`
JOIN `courses` `c` ON `c`.`id` = `e`.`course_id`
WHERE `e`.`student_id` = \'2\'')
 2 SYSTEMPATH\Database\BaseConnection.php(646): CodeIgniter\Database\BaseConnection->simpleQuery('SELECT `c`.`id`, `c`.`title`, `c`.`description`
FROM `enrollments` `e`
JOIN `courses` `c` ON `c`.`id` = `e`.`course_id`
WHERE `e`.`student_id` = \'2\'')
 3 SYSTEMPATH\Database\BaseBuilder.php(1649): CodeIgniter\Database\BaseConnection->query('SELECT `c`.`id`, `c`.`title`, `c`.`description`
FROM `enrollments` `e`
JOIN `courses` `c` ON `c`.`id` = `e`.`course_id`
WHERE `e`.`student_id` = :e.student_id:', [...], false)
 4 APPPATH\Controllers\Student.php(35): CodeIgniter\Database\BaseBuilder->get()
 5 SYSTEMPATH\CodeIgniter.php(933): App\Controllers\Student->courses()
 6 SYSTEMPATH\CodeIgniter.php(507): CodeIgniter\CodeIgniter->runController(Object(App\Controllers\Student))
 7 SYSTEMPATH\CodeIgniter.php(354): CodeIgniter\CodeIgniter->handleRequest(null, Object(Config\Cache), false)
 8 SYSTEMPATH\Boot.php(363): CodeIgniter\CodeIgniter->run()
 9 SYSTEMPATH\Boot.php(68): CodeIgniter\Boot::runCodeIgniter(Object(CodeIgniter\CodeIgniter))
10 FCPATH\index.php(59): CodeIgniter\Boot::bootWeb(Object(Config\Paths))
11 SYSTEMPATH\rewrite.php(44): require_once('C:\\Users\\Ersya Hasby Satria\\Documents\\GitHub\\Mission3-Proyek3\\CI4 - Mission3\\public\\index.php')
CRITICAL - 2025-09-21 10:43:51 --> [Caused by] mysqli_sql_exception: Unknown column 'e.student_id' in 'where clause'
in SYSTEMPATH\Database\MySQLi\Connection.php on line 327.
 1 SYSTEMPATH\Database\MySQLi\Connection.php(327): mysqli->query('SELECT `c`.`id`, `c`.`title`, `c`.`description`
FROM `enrollments` `e`
JOIN `courses` `c` ON `c`.`id` = `e`.`course_id`
WHERE `e`.`student_id` = \'2\'', 0)
 2 SYSTEMPATH\Database\BaseConnection.php(729): CodeIgniter\Database\MySQLi\Connection->execute('SELECT `c`.`id`, `c`.`title`, `c`.`description`
FROM `enrollments` `e`
JOIN `courses` `c` ON `c`.`id` = `e`.`course_id`
WHERE `e`.`student_id` = \'2\'')
 3 SYSTEMPATH\Database\BaseConnection.php(646): CodeIgniter\Database\BaseConnection->simpleQuery('SELECT `c`.`id`, `c`.`title`, `c`.`description`
FROM `enrollments` `e`
JOIN `courses` `c` ON `c`.`id` = `e`.`course_id`
WHERE `e`.`student_id` = \'2\'')
 4 SYSTEMPATH\Database\BaseBuilder.php(1649): CodeIgniter\Database\BaseConnection->query('SELECT `c`.`id`, `c`.`title`, `c`.`description`
FROM `enrollments` `e`
JOIN `courses` `c` ON `c`.`id` = `e`.`course_id`
WHERE `e`.`student_id` = :e.student_id:', [...], false)
 5 APPPATH\Controllers\Student.php(35): CodeIgniter\Database\BaseBuilder->get()
 6 SYSTEMPATH\CodeIgniter.php(933): App\Controllers\Student->courses()
 7 SYSTEMPATH\CodeIgniter.php(507): CodeIgniter\CodeIgniter->runController(Object(App\Controllers\Student))
 8 SYSTEMPATH\CodeIgniter.php(354): CodeIgniter\CodeIgniter->handleRequest(null, Object(Config\Cache), false)
 9 SYSTEMPATH\Boot.php(363): CodeIgniter\CodeIgniter->run()
10 SYSTEMPATH\Boot.php(68): CodeIgniter\Boot::runCodeIgniter(Object(CodeIgniter\CodeIgniter))
11 FCPATH\index.php(59): CodeIgniter\Boot::bootWeb(Object(Config\Paths))
12 SYSTEMPATH\rewrite.php(44): require_once('C:\\Users\\Ersya Hasby Satria\\Documents\\GitHub\\Mission3-Proyek3\\CI4 - Mission3\\public\\index.php')
DEBUG - 2025-09-21 10:44:08 --> Session: Class initialized using 'CodeIgniter\Session\Handlers\FileHandler' driver.
ERROR - 2025-09-21 10:44:08 --> mysqli_sql_exception: Unknown column 'e.student_id' in 'where clause' in C:\Users\Ersya Hasby Satria\Documents\GitHub\Mission3-Proyek3\CI4 - Mission3\system\Database\MySQLi\Connection.php:327
Stack trace:
#0 C:\Users\Ersya Hasby Satria\Documents\GitHub\Mission3-Proyek3\CI4 - Mission3\system\Database\MySQLi\Connection.php(327): mysqli->query('SELECT `c`.`id`...', 0)
#1 C:\Users\Ersya Hasby Satria\Documents\GitHub\Mission3-Proyek3\CI4 - Mission3\system\Database\BaseConnection.php(729): CodeIgniter\Database\MySQLi\Connection->execute('SELECT `c`.`id`...')
#2 C:\Users\Ersya Hasby Satria\Documents\GitHub\Mission3-Proyek3\CI4 - Mission3\system\Database\BaseConnection.php(646): CodeIgniter\Database\BaseConnection->simpleQuery('SELECT `c`.`id`...')
#3 C:\Users\Ersya Hasby Satria\Documents\GitHub\Mission3-Proyek3\CI4 - Mission3\system\Database\BaseBuilder.php(1649): CodeIgniter\Database\BaseConnection->query('SELECT `c`.`id`...', Array, false)
#4 C:\Users\Ersya Hasby Satria\Documents\GitHub\Mission3-Proyek3\CI4 - Mission3\app\Controllers\Student.php(35): CodeIgniter\Database\BaseBuilder->get()
#5 C:\Users\Ersya Hasby Satria\Documents\GitHub\Mission3-Proyek3\CI4 - Mission3\system\CodeIgniter.php(933): App\Controllers\Student->courses()
#6 C:\Users\Ersya Hasby Satria\Documents\GitHub\Mission3-Proyek3\CI4 - Mission3\system\CodeIgniter.php(507): CodeIgniter\CodeIgniter->runController(Object(App\Controllers\Student))
#7 C:\Users\Ersya Hasby Satria\Documents\GitHub\Mission3-Proyek3\CI4 - Mission3\system\CodeIgniter.php(354): CodeIgniter\CodeIgniter->handleRequest(NULL, Object(Config\Cache), false)
#8 C:\Users\Ersya Hasby Satria\Documents\GitHub\Mission3-Proyek3\CI4 - Mission3\system\Boot.php(363): CodeIgniter\CodeIgniter->run()
#9 C:\Users\Ersya Hasby Satria\Documents\GitHub\Mission3-Proyek3\CI4 - Mission3\system\Boot.php(68): CodeIgniter\Boot::runCodeIgniter(Object(CodeIgniter\CodeIgniter))
#10 C:\Users\Ersya Hasby Satria\Documents\GitHub\Mission3-Proyek3\CI4 - Mission3\public\index.php(59): CodeIgniter\Boot::bootWeb(Object(Config\Paths))
#11 C:\Users\Ersya Hasby Satria\Documents\GitHub\Mission3-Proyek3\CI4 - Mission3\system\rewrite.php(44): require_once('C:\\Users\\Ersya ...')
#12 {main}
CRITICAL - 2025-09-21 10:44:08 --> CodeIgniter\Database\Exceptions\DatabaseException: Unknown column 'e.student_id' in 'where clause'
[Method: GET, Route: student/courses]
in SYSTEMPATH\Database\BaseConnection.php on line 684.
 1 SYSTEMPATH\Database\BaseBuilder.php(1649): CodeIgniter\Database\BaseConnection->query('SELECT `c`.`id`, `c`.`title`, `c`.`description`
FROM `enrollments` `e`
JOIN `courses` `c` ON `c`.`id` = `e`.`course_id`
WHERE `e`.`student_id` = :e.student_id:', [...], false)
 2 APPPATH\Controllers\Student.php(35): CodeIgniter\Database\BaseBuilder->get()
 3 SYSTEMPATH\CodeIgniter.php(933): App\Controllers\Student->courses()
 4 SYSTEMPATH\CodeIgniter.php(507): CodeIgniter\CodeIgniter->runController(Object(App\Controllers\Student))
 5 SYSTEMPATH\CodeIgniter.php(354): CodeIgniter\CodeIgniter->handleRequest(null, Object(Config\Cache), false)
 6 SYSTEMPATH\Boot.php(363): CodeIgniter\CodeIgniter->run()
 7 SYSTEMPATH\Boot.php(68): CodeIgniter\Boot::runCodeIgniter(Object(CodeIgniter\CodeIgniter))
 8 FCPATH\index.php(59): CodeIgniter\Boot::bootWeb(Object(Config\Paths))
 9 SYSTEMPATH\rewrite.php(44): require_once('C:\\Users\\Ersya Hasby Satria\\Documents\\GitHub\\Mission3-Proyek3\\CI4 - Mission3\\public\\index.php')
CRITICAL - 2025-09-21 10:44:08 --> [Caused by] CodeIgniter\Database\Exceptions\DatabaseException: Unknown column 'e.student_id' in 'where clause'
in SYSTEMPATH\Database\MySQLi\Connection.php on line 332.
 1 SYSTEMPATH\Database\BaseConnection.php(729): CodeIgniter\Database\MySQLi\Connection->execute('SELECT `c`.`id`, `c`.`title`, `c`.`description`
FROM `enrollments` `e`
JOIN `courses` `c` ON `c`.`id` = `e`.`course_id`
WHERE `e`.`student_id` = \'2\'')
 2 SYSTEMPATH\Database\BaseConnection.php(646): CodeIgniter\Database\BaseConnection->simpleQuery('SELECT `c`.`id`, `c`.`title`, `c`.`description`
FROM `enrollments` `e`
JOIN `courses` `c` ON `c`.`id` = `e`.`course_id`
WHERE `e`.`student_id` = \'2\'')
 3 SYSTEMPATH\Database\BaseBuilder.php(1649): CodeIgniter\Database\BaseConnection->query('SELECT `c`.`id`, `c`.`title`, `c`.`description`
FROM `enrollments` `e`
JOIN `courses` `c` ON `c`.`id` = `e`.`course_id`
WHERE `e`.`student_id` = :e.student_id:', [...], false)
 4 APPPATH\Controllers\Student.php(35): CodeIgniter\Database\BaseBuilder->get()
 5 SYSTEMPATH\CodeIgniter.php(933): App\Controllers\Student->courses()
 6 SYSTEMPATH\CodeIgniter.php(507): CodeIgniter\CodeIgniter->runController(Object(App\Controllers\Student))
 7 SYSTEMPATH\CodeIgniter.php(354): CodeIgniter\CodeIgniter->handleRequest(null, Object(Config\Cache), false)
 8 SYSTEMPATH\Boot.php(363): CodeIgniter\CodeIgniter->run()
 9 SYSTEMPATH\Boot.php(68): CodeIgniter\Boot::runCodeIgniter(Object(CodeIgniter\CodeIgniter))
10 FCPATH\index.php(59): CodeIgniter\Boot::bootWeb(Object(Config\Paths))
11 SYSTEMPATH\rewrite.php(44): require_once('C:\\Users\\Ersya Hasby Satria\\Documents\\GitHub\\Mission3-Proyek3\\CI4 - Mission3\\public\\index.php')
CRITICAL - 2025-09-21 10:44:08 --> [Caused by] mysqli_sql_exception: Unknown column 'e.student_id' in 'where clause'
in SYSTEMPATH\Database\MySQLi\Connection.php on line 327.
 1 SYSTEMPATH\Database\MySQLi\Connection.php(327): mysqli->query('SELECT `c`.`id`, `c`.`title`, `c`.`description`
FROM `enrollments` `e`
JOIN `courses` `c` ON `c`.`id` = `e`.`course_id`
WHERE `e`.`student_id` = \'2\'', 0)
 2 SYSTEMPATH\Database\BaseConnection.php(729): CodeIgniter\Database\MySQLi\Connection->execute('SELECT `c`.`id`, `c`.`title`, `c`.`description`
FROM `enrollments` `e`
JOIN `courses` `c` ON `c`.`id` = `e`.`course_id`
WHERE `e`.`student_id` = \'2\'')
 3 SYSTEMPATH\Database\BaseConnection.php(646): CodeIgniter\Database\BaseConnection->simpleQuery('SELECT `c`.`id`, `c`.`title`, `c`.`description`
FROM `enrollments` `e`
JOIN `courses` `c` ON `c`.`id` = `e`.`course_id`
WHERE `e`.`student_id` = \'2\'')
 4 SYSTEMPATH\Database\BaseBuilder.php(1649): CodeIgniter\Database\BaseConnection->query('SELECT `c`.`id`, `c`.`title`, `c`.`description`
FROM `enrollments` `e`
JOIN `courses` `c` ON `c`.`id` = `e`.`course_id`
WHERE `e`.`student_id` = :e.student_id:', [...], false)
 5 APPPATH\Controllers\Student.php(35): CodeIgniter\Database\BaseBuilder->get()
 6 SYSTEMPATH\CodeIgniter.php(933): App\Controllers\Student->courses()
 7 SYSTEMPATH\CodeIgniter.php(507): CodeIgniter\CodeIgniter->runController(Object(App\Controllers\Student))
 8 SYSTEMPATH\CodeIgniter.php(354): CodeIgniter\CodeIgniter->handleRequest(null, Object(Config\Cache), false)
 9 SYSTEMPATH\Boot.php(363): CodeIgniter\CodeIgniter->run()
10 SYSTEMPATH\Boot.php(68): CodeIgniter\Boot::runCodeIgniter(Object(CodeIgniter\CodeIgniter))
11 FCPATH\index.php(59): CodeIgniter\Boot::bootWeb(Object(Config\Paths))
12 SYSTEMPATH\rewrite.php(44): require_once('C:\\Users\\Ersya Hasby Satria\\Documents\\GitHub\\Mission3-Proyek3\\CI4 - Mission3\\public\\index.php')
DEBUG - 2025-09-21 10:50:12 --> Session: Class initialized using 'CodeIgniter\Session\Handlers\FileHandler' driver.
DEBUG - 2025-09-21 10:50:18 --> Session: Class initialized using 'CodeIgniter\Session\Handlers\FileHandler' driver.
DEBUG - 2025-09-21 10:50:19 --> Session: Class initialized using 'CodeIgniter\Session\Handlers\FileHandler' driver.
DEBUG - 2025-09-21 10:56:33 --> Session: Class initialized using 'CodeIgniter\Session\Handlers\FileHandler' driver.
DEBUG - 2025-09-21 10:56:36 --> Session: Class initialized using 'CodeIgniter\Session\Handlers\FileHandler' driver.
ERROR - 2025-09-21 10:56:36 --> mysqli_sql_exception: Unknown column 'e.student_id' in 'where clause' in C:\Users\Ersya Hasby Satria\Documents\GitHub\Mission3-Proyek3\CI4 - Mission3\system\Database\MySQLi\Connection.php:327
Stack trace:
#0 C:\Users\Ersya Hasby Satria\Documents\GitHub\Mission3-Proyek3\CI4 - Mission3\system\Database\MySQLi\Connection.php(327): mysqli->query('SELECT `c`.`id`...', 0)
#1 C:\Users\Ersya Hasby Satria\Documents\GitHub\Mission3-Proyek3\CI4 - Mission3\system\Database\BaseConnection.php(729): CodeIgniter\Database\MySQLi\Connection->execute('SELECT `c`.`id`...')
#2 C:\Users\Ersya Hasby Satria\Documents\GitHub\Mission3-Proyek3\CI4 - Mission3\system\Database\BaseConnection.php(646): CodeIgniter\Database\BaseConnection->simpleQuery('SELECT `c`.`id`...')
#3 C:\Users\Ersya Hasby Satria\Documents\GitHub\Mission3-Proyek3\CI4 - Mission3\system\Database\BaseBuilder.php(1649): CodeIgniter\Database\BaseConnection->query('SELECT `c`.`id`...', Array, false)
#4 C:\Users\Ersya Hasby Satria\Documents\GitHub\Mission3-Proyek3\CI4 - Mission3\app\Controllers\Student.php(35): CodeIgniter\Database\BaseBuilder->get()
#5 C:\Users\Ersya Hasby Satria\Documents\GitHub\Mission3-Proyek3\CI4 - Mission3\system\CodeIgniter.php(933): App\Controllers\Student->courses()
#6 C:\Users\Ersya Hasby Satria\Documents\GitHub\Mission3-Proyek3\CI4 - Mission3\system\CodeIgniter.php(507): CodeIgniter\CodeIgniter->runController(Object(App\Controllers\Student))
#7 C:\Users\Ersya Hasby Satria\Documents\GitHub\Mission3-Proyek3\CI4 - Mission3\system\CodeIgniter.php(354): CodeIgniter\CodeIgniter->handleRequest(NULL, Object(Config\Cache), false)
#8 C:\Users\Ersya Hasby Satria\Documents\GitHub\Mission3-Proyek3\CI4 - Mission3\system\Boot.php(363): CodeIgniter\CodeIgniter->run()
#9 C:\Users\Ersya Hasby Satria\Documents\GitHub\Mission3-Proyek3\CI4 - Mission3\system\Boot.php(68): CodeIgniter\Boot::runCodeIgniter(Object(CodeIgniter\CodeIgniter))
#10 C:\Users\Ersya Hasby Satria\Documents\GitHub\Mission3-Proyek3\CI4 - Mission3\public\index.php(59): CodeIgniter\Boot::bootWeb(Object(Config\Paths))
#11 C:\Users\Ersya Hasby Satria\Documents\GitHub\Mission3-Proyek3\CI4 - Mission3\system\rewrite.php(44): require_once('C:\\Users\\Ersya ...')
#12 {main}
CRITICAL - 2025-09-21 10:56:36 --> CodeIgniter\Database\Exceptions\DatabaseException: Unknown column 'e.student_id' in 'where clause'
[Method: GET, Route: student/courses]
in SYSTEMPATH\Database\BaseConnection.php on line 684.
 1 SYSTEMPATH\Database\BaseBuilder.php(1649): CodeIgniter\Database\BaseConnection->query('SELECT `c`.`id`, `c`.`title`, `c`.`description`
FROM `enrollments` `e`
JOIN `courses` `c` ON `c`.`id` = `e`.`course_id`
WHERE `e`.`student_id` = :e.student_id:', [...], false)
 2 APPPATH\Controllers\Student.php(35): CodeIgniter\Database\BaseBuilder->get()
 3 SYSTEMPATH\CodeIgniter.php(933): App\Controllers\Student->courses()
 4 SYSTEMPATH\CodeIgniter.php(507): CodeIgniter\CodeIgniter->runController(Object(App\Controllers\Student))
 5 SYSTEMPATH\CodeIgniter.php(354): CodeIgniter\CodeIgniter->handleRequest(null, Object(Config\Cache), false)
 6 SYSTEMPATH\Boot.php(363): CodeIgniter\CodeIgniter->run()
 7 SYSTEMPATH\Boot.php(68): CodeIgniter\Boot::runCodeIgniter(Object(CodeIgniter\CodeIgniter))
 8 FCPATH\index.php(59): CodeIgniter\Boot::bootWeb(Object(Config\Paths))
 9 SYSTEMPATH\rewrite.php(44): require_once('C:\\Users\\Ersya Hasby Satria\\Documents\\GitHub\\Mission3-Proyek3\\CI4 - Mission3\\public\\index.php')
CRITICAL - 2025-09-21 10:56:36 --> [Caused by] CodeIgniter\Database\Exceptions\DatabaseException: Unknown column 'e.student_id' in 'where clause'
in SYSTEMPATH\Database\MySQLi\Connection.php on line 332.
 1 SYSTEMPATH\Database\BaseConnection.php(729): CodeIgniter\Database\MySQLi\Connection->execute('SELECT `c`.`id`, `c`.`title`, `c`.`description`
FROM `enrollments` `e`
JOIN `courses` `c` ON `c`.`id` = `e`.`course_id`
WHERE `e`.`student_id` = \'2\'')
 2 SYSTEMPATH\Database\BaseConnection.php(646): CodeIgniter\Database\BaseConnection->simpleQuery('SELECT `c`.`id`, `c`.`title`, `c`.`description`
FROM `enrollments` `e`
JOIN `courses` `c` ON `c`.`id` = `e`.`course_id`
WHERE `e`.`student_id` = \'2\'')
 3 SYSTEMPATH\Database\BaseBuilder.php(1649): CodeIgniter\Database\BaseConnection->query('SELECT `c`.`id`, `c`.`title`, `c`.`description`
FROM `enrollments` `e`
JOIN `courses` `c` ON `c`.`id` = `e`.`course_id`
WHERE `e`.`student_id` = :e.student_id:', [...], false)
 4 APPPATH\Controllers\Student.php(35): CodeIgniter\Database\BaseBuilder->get()
 5 SYSTEMPATH\CodeIgniter.php(933): App\Controllers\Student->courses()
 6 SYSTEMPATH\CodeIgniter.php(507): CodeIgniter\CodeIgniter->runController(Object(App\Controllers\Student))
 7 SYSTEMPATH\CodeIgniter.php(354): CodeIgniter\CodeIgniter->handleRequest(null, Object(Config\Cache), false)
 8 SYSTEMPATH\Boot.php(363): CodeIgniter\CodeIgniter->run()
 9 SYSTEMPATH\Boot.php(68): CodeIgniter\Boot::runCodeIgniter(Object(CodeIgniter\CodeIgniter))
10 FCPATH\index.php(59): CodeIgniter\Boot::bootWeb(Object(Config\Paths))
11 SYSTEMPATH\rewrite.php(44): require_once('C:\\Users\\Ersya Hasby Satria\\Documents\\GitHub\\Mission3-Proyek3\\CI4 - Mission3\\public\\index.php')
CRITICAL - 2025-09-21 10:56:36 --> [Caused by] mysqli_sql_exception: Unknown column 'e.student_id' in 'where clause'
in SYSTEMPATH\Database\MySQLi\Connection.php on line 327.
 1 SYSTEMPATH\Database\MySQLi\Connection.php(327): mysqli->query('SELECT `c`.`id`, `c`.`title`, `c`.`description`
FROM `enrollments` `e`
JOIN `courses` `c` ON `c`.`id` = `e`.`course_id`
WHERE `e`.`student_id` = \'2\'', 0)
 2 SYSTEMPATH\Database\BaseConnection.php(729): CodeIgniter\Database\MySQLi\Connection->execute('SELECT `c`.`id`, `c`.`title`, `c`.`description`
FROM `enrollments` `e`
JOIN `courses` `c` ON `c`.`id` = `e`.`course_id`
WHERE `e`.`student_id` = \'2\'')
 3 SYSTEMPATH\Database\BaseConnection.php(646): CodeIgniter\Database\BaseConnection->simpleQuery('SELECT `c`.`id`, `c`.`title`, `c`.`description`
FROM `enrollments` `e`
JOIN `courses` `c` ON `c`.`id` = `e`.`course_id`
WHERE `e`.`student_id` = \'2\'')
 4 SYSTEMPATH\Database\BaseBuilder.php(1649): CodeIgniter\Database\BaseConnection->query('SELECT `c`.`id`, `c`.`title`, `c`.`description`
FROM `enrollments` `e`
JOIN `courses` `c` ON `c`.`id` = `e`.`course_id`
WHERE `e`.`student_id` = :e.student_id:', [...], false)
 5 APPPATH\Controllers\Student.php(35): CodeIgniter\Database\BaseBuilder->get()
 6 SYSTEMPATH\CodeIgniter.php(933): App\Controllers\Student->courses()
 7 SYSTEMPATH\CodeIgniter.php(507): CodeIgniter\CodeIgniter->runController(Object(App\Controllers\Student))
 8 SYSTEMPATH\CodeIgniter.php(354): CodeIgniter\CodeIgniter->handleRequest(null, Object(Config\Cache), false)
 9 SYSTEMPATH\Boot.php(363): CodeIgniter\CodeIgniter->run()
10 SYSTEMPATH\Boot.php(68): CodeIgniter\Boot::runCodeIgniter(Object(CodeIgniter\CodeIgniter))
11 FCPATH\index.php(59): CodeIgniter\Boot::bootWeb(Object(Config\Paths))
12 SYSTEMPATH\rewrite.php(44): require_once('C:\\Users\\Ersya Hasby Satria\\Documents\\GitHub\\Mission3-Proyek3\\CI4 - Mission3\\public\\index.php')
DEBUG - 2025-09-21 10:56:37 --> Session: Class initialized using 'CodeIgniter\Session\Handlers\FileHandler' driver.
DEBUG - 2025-09-21 10:56:38 --> Session: Class initialized using 'CodeIgniter\Session\Handlers\FileHandler' driver.
DEBUG - 2025-09-21 10:56:39 --> Session: Class initialized using 'CodeIgniter\Session\Handlers\FileHandler' driver.
DEBUG - 2025-09-21 10:56:46 --> Session: Class initialized using 'CodeIgniter\Session\Handlers\FileHandler' driver.
DEBUG - 2025-09-21 10:56:46 --> Session: Class initialized using 'CodeIgniter\Session\Handlers\FileHandler' driver.
DEBUG - 2025-09-21 10:56:50 --> Session: Class initialized using 'CodeIgniter\Session\Handlers\FileHandler' driver.
DEBUG - 2025-09-21 11:48:21 --> Session: Class initialized using 'CodeIgniter\Session\Handlers\FileHandler' driver.
CRITICAL - 2025-09-21 11:48:21 --> CodeIgniter\View\Exceptions\ViewException: Invalid file: "template.php"
[Method: GET, Route: login]
in SYSTEMPATH\Exceptions\FrameworkException.php on line 39.
 1 SYSTEMPATH\View\View.php(214): CodeIgniter\Exceptions\FrameworkException::forInvalidFile('template.php')
 2 SYSTEMPATH\View\View.php(242): CodeIgniter\View\View->render('template', [], true)
 3 SYSTEMPATH\Common.php(1167): CodeIgniter\View\View->render('auth/login', [], true)
 4 APPPATH\Controllers\Auth.php(12): view('auth/login', [...])
 5 SYSTEMPATH\CodeIgniter.php(933): App\Controllers\Auth->index()
 6 SYSTEMPATH\CodeIgniter.php(507): CodeIgniter\CodeIgniter->runController(Object(App\Controllers\Auth))
 7 SYSTEMPATH\CodeIgniter.php(354): CodeIgniter\CodeIgniter->handleRequest(null, Object(Config\Cache), false)
 8 SYSTEMPATH\Boot.php(363): CodeIgniter\CodeIgniter->run()
 9 SYSTEMPATH\Boot.php(68): CodeIgniter\Boot::runCodeIgniter(Object(CodeIgniter\CodeIgniter))
10 FCPATH\index.php(59): CodeIgniter\Boot::bootWeb(Object(Config\Paths))
11 SYSTEMPATH\rewrite.php(44): require_once('C:\\Users\\Ersya Hasby Satria\\Documents\\GitHub\\Mission3-Proyek3\\CI4 - Mission3\\public\\index.php')
DEBUG - 2025-09-21 11:48:53 --> Session: Class initialized using 'CodeIgniter\Session\Handlers\FileHandler' driver.
DEBUG - 2025-09-21 11:49:04 --> Session: Class initialized using 'CodeIgniter\Session\Handlers\FileHandler' driver.
DEBUG - 2025-09-21 11:49:04 --> Session: Class initialized using 'CodeIgniter\Session\Handlers\FileHandler' driver.
DEBUG - 2025-09-21 11:49:06 --> Session: Class initialized using 'CodeIgniter\Session\Handlers\FileHandler' driver.
ERROR - 2025-09-21 11:49:06 --> mysqli_sql_exception: Unknown column 'e.student_id' in 'where clause' in C:\Users\Ersya Hasby Satria\Documents\GitHub\Mission3-Proyek3\CI4 - Mission3\system\Database\MySQLi\Connection.php:327
Stack trace:
#0 C:\Users\Ersya Hasby Satria\Documents\GitHub\Mission3-Proyek3\CI4 - Mission3\system\Database\MySQLi\Connection.php(327): mysqli->query('SELECT `c`.`id`...', 0)
#1 C:\Users\Ersya Hasby Satria\Documents\GitHub\Mission3-Proyek3\CI4 - Mission3\system\Database\BaseConnection.php(729): CodeIgniter\Database\MySQLi\Connection->execute('SELECT `c`.`id`...')
#2 C:\Users\Ersya Hasby Satria\Documents\GitHub\Mission3-Proyek3\CI4 - Mission3\system\Database\BaseConnection.php(646): CodeIgniter\Database\BaseConnection->simpleQuery('SELECT `c`.`id`...')
#3 C:\Users\Ersya Hasby Satria\Documents\GitHub\Mission3-Proyek3\CI4 - Mission3\system\Database\BaseBuilder.php(1649): CodeIgniter\Database\BaseConnection->query('SELECT `c`.`id`...', Array, false)
#4 C:\Users\Ersya Hasby Satria\Documents\GitHub\Mission3-Proyek3\CI4 - Mission3\app\Controllers\Student.php(35): CodeIgniter\Database\BaseBuilder->get()
#5 C:\Users\Ersya Hasby Satria\Documents\GitHub\Mission3-Proyek3\CI4 - Mission3\system\CodeIgniter.php(933): App\Controllers\Student->courses()
#6 C:\Users\Ersya Hasby Satria\Documents\GitHub\Mission3-Proyek3\CI4 - Mission3\system\CodeIgniter.php(507): CodeIgniter\CodeIgniter->runController(Object(App\Controllers\Student))
#7 C:\Users\Ersya Hasby Satria\Documents\GitHub\Mission3-Proyek3\CI4 - Mission3\system\CodeIgniter.php(354): CodeIgniter\CodeIgniter->handleRequest(NULL, Object(Config\Cache), false)
#8 C:\Users\Ersya Hasby Satria\Documents\GitHub\Mission3-Proyek3\CI4 - Mission3\system\Boot.php(363): CodeIgniter\CodeIgniter->run()
#9 C:\Users\Ersya Hasby Satria\Documents\GitHub\Mission3-Proyek3\CI4 - Mission3\system\Boot.php(68): CodeIgniter\Boot::runCodeIgniter(Object(CodeIgniter\CodeIgniter))
#10 C:\Users\Ersya Hasby Satria\Documents\GitHub\Mission3-Proyek3\CI4 - Mission3\public\index.php(59): CodeIgniter\Boot::bootWeb(Object(Config\Paths))
#11 C:\Users\Ersya Hasby Satria\Documents\GitHub\Mission3-Proyek3\CI4 - Mission3\system\rewrite.php(44): require_once('C:\\Users\\Ersya ...')
#12 {main}
CRITICAL - 2025-09-21 11:49:06 --> CodeIgniter\Database\Exceptions\DatabaseException: Unknown column 'e.student_id' in 'where clause'
[Method: GET, Route: student/courses]
in SYSTEMPATH\Database\BaseConnection.php on line 684.
 1 SYSTEMPATH\Database\BaseBuilder.php(1649): CodeIgniter\Database\BaseConnection->query('SELECT `c`.`id`, `c`.`title`, `c`.`description`
FROM `enrollments` `e`
JOIN `courses` `c` ON `c`.`id` = `e`.`course_id`
WHERE `e`.`student_id` = :e.student_id:', [...], false)
 2 APPPATH\Controllers\Student.php(35): CodeIgniter\Database\BaseBuilder->get()
 3 SYSTEMPATH\CodeIgniter.php(933): App\Controllers\Student->courses()
 4 SYSTEMPATH\CodeIgniter.php(507): CodeIgniter\CodeIgniter->runController(Object(App\Controllers\Student))
 5 SYSTEMPATH\CodeIgniter.php(354): CodeIgniter\CodeIgniter->handleRequest(null, Object(Config\Cache), false)
 6 SYSTEMPATH\Boot.php(363): CodeIgniter\CodeIgniter->run()
 7 SYSTEMPATH\Boot.php(68): CodeIgniter\Boot::runCodeIgniter(Object(CodeIgniter\CodeIgniter))
 8 FCPATH\index.php(59): CodeIgniter\Boot::bootWeb(Object(Config\Paths))
 9 SYSTEMPATH\rewrite.php(44): require_once('C:\\Users\\Ersya Hasby Satria\\Documents\\GitHub\\Mission3-Proyek3\\CI4 - Mission3\\public\\index.php')
CRITICAL - 2025-09-21 11:49:06 --> [Caused by] CodeIgniter\Database\Exceptions\DatabaseException: Unknown column 'e.student_id' in 'where clause'
in SYSTEMPATH\Database\MySQLi\Connection.php on line 332.
 1 SYSTEMPATH\Database\BaseConnection.php(729): CodeIgniter\Database\MySQLi\Connection->execute('SELECT `c`.`id`, `c`.`title`, `c`.`description`
FROM `enrollments` `e`
JOIN `courses` `c` ON `c`.`id` = `e`.`course_id`
WHERE `e`.`student_id` = \'2\'')
 2 SYSTEMPATH\Database\BaseConnection.php(646): CodeIgniter\Database\BaseConnection->simpleQuery('SELECT `c`.`id`, `c`.`title`, `c`.`description`
FROM `enrollments` `e`
JOIN `courses` `c` ON `c`.`id` = `e`.`course_id`
WHERE `e`.`student_id` = \'2\'')
 3 SYSTEMPATH\Database\BaseBuilder.php(1649): CodeIgniter\Database\BaseConnection->query('SELECT `c`.`id`, `c`.`title`, `c`.`description`
FROM `enrollments` `e`
JOIN `courses` `c` ON `c`.`id` = `e`.`course_id`
WHERE `e`.`student_id` = :e.student_id:', [...], false)
 4 APPPATH\Controllers\Student.php(35): CodeIgniter\Database\BaseBuilder->get()
 5 SYSTEMPATH\CodeIgniter.php(933): App\Controllers\Student->courses()
 6 SYSTEMPATH\CodeIgniter.php(507): CodeIgniter\CodeIgniter->runController(Object(App\Controllers\Student))
 7 SYSTEMPATH\CodeIgniter.php(354): CodeIgniter\CodeIgniter->handleRequest(null, Object(Config\Cache), false)
 8 SYSTEMPATH\Boot.php(363): CodeIgniter\CodeIgniter->run()
 9 SYSTEMPATH\Boot.php(68): CodeIgniter\Boot::runCodeIgniter(Object(CodeIgniter\CodeIgniter))
10 FCPATH\index.php(59): CodeIgniter\Boot::bootWeb(Object(Config\Paths))
11 SYSTEMPATH\rewrite.php(44): require_once('C:\\Users\\Ersya Hasby Satria\\Documents\\GitHub\\Mission3-Proyek3\\CI4 - Mission3\\public\\index.php')
CRITICAL - 2025-09-21 11:49:06 --> [Caused by] mysqli_sql_exception: Unknown column 'e.student_id' in 'where clause'
in SYSTEMPATH\Database\MySQLi\Connection.php on line 327.
 1 SYSTEMPATH\Database\MySQLi\Connection.php(327): mysqli->query('SELECT `c`.`id`, `c`.`title`, `c`.`description`
FROM `enrollments` `e`
JOIN `courses` `c` ON `c`.`id` = `e`.`course_id`
WHERE `e`.`student_id` = \'2\'', 0)
 2 SYSTEMPATH\Database\BaseConnection.php(729): CodeIgniter\Database\MySQLi\Connection->execute('SELECT `c`.`id`, `c`.`title`, `c`.`description`
FROM `enrollments` `e`
JOIN `courses` `c` ON `c`.`id` = `e`.`course_id`
WHERE `e`.`student_id` = \'2\'')
 3 SYSTEMPATH\Database\BaseConnection.php(646): CodeIgniter\Database\BaseConnection->simpleQuery('SELECT `c`.`id`, `c`.`title`, `c`.`description`
FROM `enrollments` `e`
JOIN `courses` `c` ON `c`.`id` = `e`.`course_id`
WHERE `e`.`student_id` = \'2\'')
 4 SYSTEMPATH\Database\BaseBuilder.php(1649): CodeIgniter\Database\BaseConnection->query('SELECT `c`.`id`, `c`.`title`, `c`.`description`
FROM `enrollments` `e`
JOIN `courses` `c` ON `c`.`id` = `e`.`course_id`
WHERE `e`.`student_id` = :e.student_id:', [...], false)
 5 APPPATH\Controllers\Student.php(35): CodeIgniter\Database\BaseBuilder->get()
 6 SYSTEMPATH\CodeIgniter.php(933): App\Controllers\Student->courses()
 7 SYSTEMPATH\CodeIgniter.php(507): CodeIgniter\CodeIgniter->runController(Object(App\Controllers\Student))
 8 SYSTEMPATH\CodeIgniter.php(354): CodeIgniter\CodeIgniter->handleRequest(null, Object(Config\Cache), false)
 9 SYSTEMPATH\Boot.php(363): CodeIgniter\CodeIgniter->run()
10 SYSTEMPATH\Boot.php(68): CodeIgniter\Boot::runCodeIgniter(Object(CodeIgniter\CodeIgniter))
11 FCPATH\index.php(59): CodeIgniter\Boot::bootWeb(Object(Config\Paths))
12 SYSTEMPATH\rewrite.php(44): require_once('C:\\Users\\Ersya Hasby Satria\\Documents\\GitHub\\Mission3-Proyek3\\CI4 - Mission3\\public\\index.php')
DEBUG - 2025-09-21 11:49:10 --> Session: Class initialized using 'CodeIgniter\Session\Handlers\FileHandler' driver.
DEBUG - 2025-09-21 11:49:17 --> Session: Class initialized using 'CodeIgniter\Session\Handlers\FileHandler' driver.
DEBUG - 2025-09-21 11:49:17 --> Session: Class initialized using 'CodeIgniter\Session\Handlers\FileHandler' driver.
DEBUG - 2025-09-21 11:49:19 --> Session: Class initialized using 'CodeIgniter\Session\Handlers\FileHandler' driver.
DEBUG - 2025-09-21 11:49:22 --> Session: Class initialized using 'CodeIgniter\Session\Handlers\FileHandler' driver.
DEBUG - 2025-09-21 11:49:28 --> Session: Class initialized using 'CodeIgniter\Session\Handlers\FileHandler' driver.
DEBUG - 2025-09-21 11:49:31 --> Session: Class initialized using 'CodeIgniter\Session\Handlers\FileHandler' driver.
DEBUG - 2025-09-21 11:49:37 --> Session: Class initialized using 'CodeIgniter\Session\Handlers\FileHandler' driver.
DEBUG - 2025-09-21 11:49:41 --> Session: Class initialized using 'CodeIgniter\Session\Handlers\FileHandler' driver.
DEBUG - 2025-09-21 11:49:43 --> Session: Class initialized using 'CodeIgniter\Session\Handlers\FileHandler' driver.
DEBUG - 2025-09-21 11:50:31 --> Session: Class initialized using 'CodeIgniter\Session\Handlers\FileHandler' driver.
DEBUG - 2025-09-21 11:50:39 --> Session: Class initialized using 'CodeIgniter\Session\Handlers\FileHandler' driver.
DEBUG - 2025-09-21 11:50:39 --> Session: Class initialized using 'CodeIgniter\Session\Handlers\FileHandler' driver.
DEBUG - 2025-09-21 11:50:40 --> Session: Class initialized using 'CodeIgniter\Session\Handlers\FileHandler' driver.
DEBUG - 2025-09-21 11:51:15 --> Session: Class initialized using 'CodeIgniter\Session\Handlers\FileHandler' driver.
DEBUG - 2025-09-21 11:51:22 --> Session: Class initialized using 'CodeIgniter\Session\Handlers\FileHandler' driver.
DEBUG - 2025-09-21 11:51:23 --> Session: Class initialized using 'CodeIgniter\Session\Handlers\FileHandler' driver.
DEBUG - 2025-09-21 11:51:25 --> Session: Class initialized using 'CodeIgniter\Session\Handlers\FileHandler' driver.
DEBUG - 2025-09-21 12:31:34 --> Session: Class initialized using 'CodeIgniter\Session\Handlers\FileHandler' driver.
DEBUG - 2025-09-21 12:31:40 --> Session: Class initialized using 'CodeIgniter\Session\Handlers\FileHandler' driver.
DEBUG - 2025-09-21 12:31:40 --> Session: Class initialized using 'CodeIgniter\Session\Handlers\FileHandler' driver.
DEBUG - 2025-09-21 12:31:59 --> Session: Class initialized using 'CodeIgniter\Session\Handlers\FileHandler' driver.
DEBUG - 2025-09-21 12:32:02 --> Session: Class initialized using 'CodeIgniter\Session\Handlers\FileHandler' driver.
DEBUG - 2025-09-21 12:32:09 --> Session: Class initialized using 'CodeIgniter\Session\Handlers\FileHandler' driver.
DEBUG - 2025-09-21 12:32:12 --> Session: Class initialized using 'CodeIgniter\Session\Handlers\FileHandler' driver.
DEBUG - 2025-09-21 12:34:40 --> Session: Class initialized using 'CodeIgniter\Session\Handlers\FileHandler' driver.
DEBUG - 2025-09-21 12:34:46 --> Session: Class initialized using 'CodeIgniter\Session\Handlers\FileHandler' driver.
DEBUG - 2025-09-21 12:34:46 --> Session: Class initialized using 'CodeIgniter\Session\Handlers\FileHandler' driver.
DEBUG - 2025-09-21 14:11:31 --> Session: Class initialized using 'CodeIgniter\Session\Handlers\FileHandler' driver.
DEBUG - 2025-09-21 14:11:41 --> Session: Class initialized using 'CodeIgniter\Session\Handlers\FileHandler' driver.
DEBUG - 2025-09-21 14:11:41 --> Session: Class initialized using 'CodeIgniter\Session\Handlers\FileHandler' driver.
DEBUG - 2025-09-21 14:11:43 --> Session: Class initialized using 'CodeIgniter\Session\Handlers\FileHandler' driver.
DEBUG - 2025-09-21 14:11:47 --> Session: Class initialized using 'CodeIgniter\Session\Handlers\FileHandler' driver.
DEBUG - 2025-09-21 14:11:52 --> Session: Class initialized using 'CodeIgniter\Session\Handlers\FileHandler' driver.
DEBUG - 2025-09-21 14:11:58 --> Session: Class initialized using 'CodeIgniter\Session\Handlers\FileHandler' driver.
DEBUG - 2025-09-21 14:12:05 --> Session: Class initialized using 'CodeIgniter\Session\Handlers\FileHandler' driver.
DEBUG - 2025-09-21 14:12:08 --> Session: Class initialized using 'CodeIgniter\Session\Handlers\FileHandler' driver.
DEBUG - 2025-09-21 14:12:58 --> Session: Class initialized using 'CodeIgniter\Session\Handlers\FileHandler' driver.
DEBUG - 2025-09-21 14:13:03 --> Session: Class initialized using 'CodeIgniter\Session\Handlers\FileHandler' driver.
DEBUG - 2025-09-21 14:13:04 --> Session: Class initialized using 'CodeIgniter\Session\Handlers\FileHandler' driver.
DEBUG - 2025-09-21 14:13:05 --> Session: Class initialized using 'CodeIgniter\Session\Handlers\FileHandler' driver.
ERROR - 2025-09-21 14:13:05 --> mysqli_sql_exception: Unknown column 'e.student_id' in 'where clause' in C:\Users\Ersya Hasby Satria\Documents\GitHub\Mission3-Proyek3\CI4 - Mission3\system\Database\MySQLi\Connection.php:327
Stack trace:
#0 C:\Users\Ersya Hasby Satria\Documents\GitHub\Mission3-Proyek3\CI4 - Mission3\system\Database\MySQLi\Connection.php(327): mysqli->query('SELECT `c`.`id`...', 0)
#1 C:\Users\Ersya Hasby Satria\Documents\GitHub\Mission3-Proyek3\CI4 - Mission3\system\Database\BaseConnection.php(729): CodeIgniter\Database\MySQLi\Connection->execute('SELECT `c`.`id`...')
#2 C:\Users\Ersya Hasby Satria\Documents\GitHub\Mission3-Proyek3\CI4 - Mission3\system\Database\BaseConnection.php(646): CodeIgniter\Database\BaseConnection->simpleQuery('SELECT `c`.`id`...')
#3 C:\Users\Ersya Hasby Satria\Documents\GitHub\Mission3-Proyek3\CI4 - Mission3\system\Database\BaseBuilder.php(1649): CodeIgniter\Database\BaseConnection->query('SELECT `c`.`id`...', Array, false)
#4 C:\Users\Ersya Hasby Satria\Documents\GitHub\Mission3-Proyek3\CI4 - Mission3\app\Controllers\Student.php(35): CodeIgniter\Database\BaseBuilder->get()
#5 C:\Users\Ersya Hasby Satria\Documents\GitHub\Mission3-Proyek3\CI4 - Mission3\system\CodeIgniter.php(933): App\Controllers\Student->courses()
#6 C:\Users\Ersya Hasby Satria\Documents\GitHub\Mission3-Proyek3\CI4 - Mission3\system\CodeIgniter.php(507): CodeIgniter\CodeIgniter->runController(Object(App\Controllers\Student))
#7 C:\Users\Ersya Hasby Satria\Documents\GitHub\Mission3-Proyek3\CI4 - Mission3\system\CodeIgniter.php(354): CodeIgniter\CodeIgniter->handleRequest(NULL, Object(Config\Cache), false)
#8 C:\Users\Ersya Hasby Satria\Documents\GitHub\Mission3-Proyek3\CI4 - Mission3\system\Boot.php(363): CodeIgniter\CodeIgniter->run()
#9 C:\Users\Ersya Hasby Satria\Documents\GitHub\Mission3-Proyek3\CI4 - Mission3\system\Boot.php(68): CodeIgniter\Boot::runCodeIgniter(Object(CodeIgniter\CodeIgniter))
#10 C:\Users\Ersya Hasby Satria\Documents\GitHub\Mission3-Proyek3\CI4 - Mission3\public\index.php(59): CodeIgniter\Boot::bootWeb(Object(Config\Paths))
#11 C:\Users\Ersya Hasby Satria\Documents\GitHub\Mission3-Proyek3\CI4 - Mission3\system\rewrite.php(44): require_once('C:\\Users\\Ersya ...')
#12 {main}
CRITICAL - 2025-09-21 14:13:05 --> CodeIgniter\Database\Exceptions\DatabaseException: Unknown column 'e.student_id' in 'where clause'
[Method: GET, Route: student/courses]
in SYSTEMPATH\Database\BaseConnection.php on line 684.
 1 SYSTEMPATH\Database\BaseBuilder.php(1649): CodeIgniter\Database\BaseConnection->query('SELECT `c`.`id`, `c`.`title`, `c`.`description`
FROM `enrollments` `e`
JOIN `courses` `c` ON `c`.`id` = `e`.`course_id`
WHERE `e`.`student_id` = :e.student_id:', [...], false)
 2 APPPATH\Controllers\Student.php(35): CodeIgniter\Database\BaseBuilder->get()
 3 SYSTEMPATH\CodeIgniter.php(933): App\Controllers\Student->courses()
 4 SYSTEMPATH\CodeIgniter.php(507): CodeIgniter\CodeIgniter->runController(Object(App\Controllers\Student))
 5 SYSTEMPATH\CodeIgniter.php(354): CodeIgniter\CodeIgniter->handleRequest(null, Object(Config\Cache), false)
 6 SYSTEMPATH\Boot.php(363): CodeIgniter\CodeIgniter->run()
 7 SYSTEMPATH\Boot.php(68): CodeIgniter\Boot::runCodeIgniter(Object(CodeIgniter\CodeIgniter))
 8 FCPATH\index.php(59): CodeIgniter\Boot::bootWeb(Object(Config\Paths))
 9 SYSTEMPATH\rewrite.php(44): require_once('C:\\Users\\Ersya Hasby Satria\\Documents\\GitHub\\Mission3-Proyek3\\CI4 - Mission3\\public\\index.php')
CRITICAL - 2025-09-21 14:13:05 --> [Caused by] CodeIgniter\Database\Exceptions\DatabaseException: Unknown column 'e.student_id' in 'where clause'
in SYSTEMPATH\Database\MySQLi\Connection.php on line 332.
 1 SYSTEMPATH\Database\BaseConnection.php(729): CodeIgniter\Database\MySQLi\Connection->execute('SELECT `c`.`id`, `c`.`title`, `c`.`description`
FROM `enrollments` `e`
JOIN `courses` `c` ON `c`.`id` = `e`.`course_id`
WHERE `e`.`student_id` = \'2\'')
 2 SYSTEMPATH\Database\BaseConnection.php(646): CodeIgniter\Database\BaseConnection->simpleQuery('SELECT `c`.`id`, `c`.`title`, `c`.`description`
FROM `enrollments` `e`
JOIN `courses` `c` ON `c`.`id` = `e`.`course_id`
WHERE `e`.`student_id` = \'2\'')
 3 SYSTEMPATH\Database\BaseBuilder.php(1649): CodeIgniter\Database\BaseConnection->query('SELECT `c`.`id`, `c`.`title`, `c`.`description`
FROM `enrollments` `e`
JOIN `courses` `c` ON `c`.`id` = `e`.`course_id`
WHERE `e`.`student_id` = :e.student_id:', [...], false)
 4 APPPATH\Controllers\Student.php(35): CodeIgniter\Database\BaseBuilder->get()
 5 SYSTEMPATH\CodeIgniter.php(933): App\Controllers\Student->courses()
 6 SYSTEMPATH\CodeIgniter.php(507): CodeIgniter\CodeIgniter->runController(Object(App\Controllers\Student))
 7 SYSTEMPATH\CodeIgniter.php(354): CodeIgniter\CodeIgniter->handleRequest(null, Object(Config\Cache), false)
 8 SYSTEMPATH\Boot.php(363): CodeIgniter\CodeIgniter->run()
 9 SYSTEMPATH\Boot.php(68): CodeIgniter\Boot::runCodeIgniter(Object(CodeIgniter\CodeIgniter))
10 FCPATH\index.php(59): CodeIgniter\Boot::bootWeb(Object(Config\Paths))
11 SYSTEMPATH\rewrite.php(44): require_once('C:\\Users\\Ersya Hasby Satria\\Documents\\GitHub\\Mission3-Proyek3\\CI4 - Mission3\\public\\index.php')
CRITICAL - 2025-09-21 14:13:05 --> [Caused by] mysqli_sql_exception: Unknown column 'e.student_id' in 'where clause'
in SYSTEMPATH\Database\MySQLi\Connection.php on line 327.
 1 SYSTEMPATH\Database\MySQLi\Connection.php(327): mysqli->query('SELECT `c`.`id`, `c`.`title`, `c`.`description`
FROM `enrollments` `e`
JOIN `courses` `c` ON `c`.`id` = `e`.`course_id`
WHERE `e`.`student_id` = \'2\'', 0)
 2 SYSTEMPATH\Database\BaseConnection.php(729): CodeIgniter\Database\MySQLi\Connection->execute('SELECT `c`.`id`, `c`.`title`, `c`.`description`
FROM `enrollments` `e`
JOIN `courses` `c` ON `c`.`id` = `e`.`course_id`
WHERE `e`.`student_id` = \'2\'')
 3 SYSTEMPATH\Database\BaseConnection.php(646): CodeIgniter\Database\BaseConnection->simpleQuery('SELECT `c`.`id`, `c`.`title`, `c`.`description`
FROM `enrollments` `e`
JOIN `courses` `c` ON `c`.`id` = `e`.`course_id`
WHERE `e`.`student_id` = \'2\'')
 4 SYSTEMPATH\Database\BaseBuilder.php(1649): CodeIgniter\Database\BaseConnection->query('SELECT `c`.`id`, `c`.`title`, `c`.`description`
FROM `enrollments` `e`
JOIN `courses` `c` ON `c`.`id` = `e`.`course_id`
WHERE `e`.`student_id` = :e.student_id:', [...], false)
 5 APPPATH\Controllers\Student.php(35): CodeIgniter\Database\BaseBuilder->get()
 6 SYSTEMPATH\CodeIgniter.php(933): App\Controllers\Student->courses()
 7 SYSTEMPATH\CodeIgniter.php(507): CodeIgniter\CodeIgniter->runController(Object(App\Controllers\Student))
 8 SYSTEMPATH\CodeIgniter.php(354): CodeIgniter\CodeIgniter->handleRequest(null, Object(Config\Cache), false)
 9 SYSTEMPATH\Boot.php(363): CodeIgniter\CodeIgniter->run()
10 SYSTEMPATH\Boot.php(68): CodeIgniter\Boot::runCodeIgniter(Object(CodeIgniter\CodeIgniter))
11 FCPATH\index.php(59): CodeIgniter\Boot::bootWeb(Object(Config\Paths))
12 SYSTEMPATH\rewrite.php(44): require_once('C:\\Users\\Ersya Hasby Satria\\Documents\\GitHub\\Mission3-Proyek3\\CI4 - Mission3\\public\\index.php')
DEBUG - 2025-09-21 14:13:08 --> Session: Class initialized using 'CodeIgniter\Session\Handlers\FileHandler' driver.
ERROR - 2025-09-21 14:13:08 --> mysqli_sql_exception: Unknown column 'e.student_id' in 'where clause' in C:\Users\Ersya Hasby Satria\Documents\GitHub\Mission3-Proyek3\CI4 - Mission3\system\Database\MySQLi\Connection.php:327
Stack trace:
#0 C:\Users\Ersya Hasby Satria\Documents\GitHub\Mission3-Proyek3\CI4 - Mission3\system\Database\MySQLi\Connection.php(327): mysqli->query('SELECT `c`.`id`...', 0)
#1 C:\Users\Ersya Hasby Satria\Documents\GitHub\Mission3-Proyek3\CI4 - Mission3\system\Database\BaseConnection.php(729): CodeIgniter\Database\MySQLi\Connection->execute('SELECT `c`.`id`...')
#2 C:\Users\Ersya Hasby Satria\Documents\GitHub\Mission3-Proyek3\CI4 - Mission3\system\Database\BaseConnection.php(646): CodeIgniter\Database\BaseConnection->simpleQuery('SELECT `c`.`id`...')
#3 C:\Users\Ersya Hasby Satria\Documents\GitHub\Mission3-Proyek3\CI4 - Mission3\system\Database\BaseBuilder.php(1649): CodeIgniter\Database\BaseConnection->query('SELECT `c`.`id`...', Array, false)
#4 C:\Users\Ersya Hasby Satria\Documents\GitHub\Mission3-Proyek3\CI4 - Mission3\app\Controllers\Student.php(35): CodeIgniter\Database\BaseBuilder->get()
#5 C:\Users\Ersya Hasby Satria\Documents\GitHub\Mission3-Proyek3\CI4 - Mission3\system\CodeIgniter.php(933): App\Controllers\Student->courses()
#6 C:\Users\Ersya Hasby Satria\Documents\GitHub\Mission3-Proyek3\CI4 - Mission3\system\CodeIgniter.php(507): CodeIgniter\CodeIgniter->runController(Object(App\Controllers\Student))
#7 C:\Users\Ersya Hasby Satria\Documents\GitHub\Mission3-Proyek3\CI4 - Mission3\system\CodeIgniter.php(354): CodeIgniter\CodeIgniter->handleRequest(NULL, Object(Config\Cache), false)
#8 C:\Users\Ersya Hasby Satria\Documents\GitHub\Mission3-Proyek3\CI4 - Mission3\system\Boot.php(363): CodeIgniter\CodeIgniter->run()
#9 C:\Users\Ersya Hasby Satria\Documents\GitHub\Mission3-Proyek3\CI4 - Mission3\system\Boot.php(68): CodeIgniter\Boot::runCodeIgniter(Object(CodeIgniter\CodeIgniter))
#10 C:\Users\Ersya Hasby Satria\Documents\GitHub\Mission3-Proyek3\CI4 - Mission3\public\index.php(59): CodeIgniter\Boot::bootWeb(Object(Config\Paths))
#11 C:\Users\Ersya Hasby Satria\Documents\GitHub\Mission3-Proyek3\CI4 - Mission3\system\rewrite.php(44): require_once('C:\\Users\\Ersya ...')
#12 {main}
CRITICAL - 2025-09-21 14:13:08 --> CodeIgniter\Database\Exceptions\DatabaseException: Unknown column 'e.student_id' in 'where clause'
[Method: GET, Route: student/courses]
in SYSTEMPATH\Database\BaseConnection.php on line 684.
 1 SYSTEMPATH\Database\BaseBuilder.php(1649): CodeIgniter\Database\BaseConnection->query('SELECT `c`.`id`, `c`.`title`, `c`.`description`
FROM `enrollments` `e`
JOIN `courses` `c` ON `c`.`id` = `e`.`course_id`
WHERE `e`.`student_id` = :e.student_id:', [...], false)
 2 APPPATH\Controllers\Student.php(35): CodeIgniter\Database\BaseBuilder->get()
 3 SYSTEMPATH\CodeIgniter.php(933): App\Controllers\Student->courses()
 4 SYSTEMPATH\CodeIgniter.php(507): CodeIgniter\CodeIgniter->runController(Object(App\Controllers\Student))
 5 SYSTEMPATH\CodeIgniter.php(354): CodeIgniter\CodeIgniter->handleRequest(null, Object(Config\Cache), false)
 6 SYSTEMPATH\Boot.php(363): CodeIgniter\CodeIgniter->run()
 7 SYSTEMPATH\Boot.php(68): CodeIgniter\Boot::runCodeIgniter(Object(CodeIgniter\CodeIgniter))
 8 FCPATH\index.php(59): CodeIgniter\Boot::bootWeb(Object(Config\Paths))
 9 SYSTEMPATH\rewrite.php(44): require_once('C:\\Users\\Ersya Hasby Satria\\Documents\\GitHub\\Mission3-Proyek3\\CI4 - Mission3\\public\\index.php')
CRITICAL - 2025-09-21 14:13:08 --> [Caused by] CodeIgniter\Database\Exceptions\DatabaseException: Unknown column 'e.student_id' in 'where clause'
in SYSTEMPATH\Database\MySQLi\Connection.php on line 332.
 1 SYSTEMPATH\Database\BaseConnection.php(729): CodeIgniter\Database\MySQLi\Connection->execute('SELECT `c`.`id`, `c`.`title`, `c`.`description`
FROM `enrollments` `e`
JOIN `courses` `c` ON `c`.`id` = `e`.`course_id`
WHERE `e`.`student_id` = \'2\'')
 2 SYSTEMPATH\Database\BaseConnection.php(646): CodeIgniter\Database\BaseConnection->simpleQuery('SELECT `c`.`id`, `c`.`title`, `c`.`description`
FROM `enrollments` `e`
JOIN `courses` `c` ON `c`.`id` = `e`.`course_id`
WHERE `e`.`student_id` = \'2\'')
 3 SYSTEMPATH\Database\BaseBuilder.php(1649): CodeIgniter\Database\BaseConnection->query('SELECT `c`.`id`, `c`.`title`, `c`.`description`
FROM `enrollments` `e`
JOIN `courses` `c` ON `c`.`id` = `e`.`course_id`
WHERE `e`.`student_id` = :e.student_id:', [...], false)
 4 APPPATH\Controllers\Student.php(35): CodeIgniter\Database\BaseBuilder->get()
 5 SYSTEMPATH\CodeIgniter.php(933): App\Controllers\Student->courses()
 6 SYSTEMPATH\CodeIgniter.php(507): CodeIgniter\CodeIgniter->runController(Object(App\Controllers\Student))
 7 SYSTEMPATH\CodeIgniter.php(354): CodeIgniter\CodeIgniter->handleRequest(null, Object(Config\Cache), false)
 8 SYSTEMPATH\Boot.php(363): CodeIgniter\CodeIgniter->run()
 9 SYSTEMPATH\Boot.php(68): CodeIgniter\Boot::runCodeIgniter(Object(CodeIgniter\CodeIgniter))
10 FCPATH\index.php(59): CodeIgniter\Boot::bootWeb(Object(Config\Paths))
11 SYSTEMPATH\rewrite.php(44): require_once('C:\\Users\\Ersya Hasby Satria\\Documents\\GitHub\\Mission3-Proyek3\\CI4 - Mission3\\public\\index.php')
CRITICAL - 2025-09-21 14:13:08 --> [Caused by] mysqli_sql_exception: Unknown column 'e.student_id' in 'where clause'
in SYSTEMPATH\Database\MySQLi\Connection.php on line 327.
 1 SYSTEMPATH\Database\MySQLi\Connection.php(327): mysqli->query('SELECT `c`.`id`, `c`.`title`, `c`.`description`
FROM `enrollments` `e`
JOIN `courses` `c` ON `c`.`id` = `e`.`course_id`
WHERE `e`.`student_id` = \'2\'', 0)
 2 SYSTEMPATH\Database\BaseConnection.php(729): CodeIgniter\Database\MySQLi\Connection->execute('SELECT `c`.`id`, `c`.`title`, `c`.`description`
FROM `enrollments` `e`
JOIN `courses` `c` ON `c`.`id` = `e`.`course_id`
WHERE `e`.`student_id` = \'2\'')
 3 SYSTEMPATH\Database\BaseConnection.php(646): CodeIgniter\Database\BaseConnection->simpleQuery('SELECT `c`.`id`, `c`.`title`, `c`.`description`
FROM `enrollments` `e`
JOIN `courses` `c` ON `c`.`id` = `e`.`course_id`
WHERE `e`.`student_id` = \'2\'')
 4 SYSTEMPATH\Database\BaseBuilder.php(1649): CodeIgniter\Database\BaseConnection->query('SELECT `c`.`id`, `c`.`title`, `c`.`description`
FROM `enrollments` `e`
JOIN `courses` `c` ON `c`.`id` = `e`.`course_id`
WHERE `e`.`student_id` = :e.student_id:', [...], false)
 5 APPPATH\Controllers\Student.php(35): CodeIgniter\Database\BaseBuilder->get()
 6 SYSTEMPATH\CodeIgniter.php(933): App\Controllers\Student->courses()
 7 SYSTEMPATH\CodeIgniter.php(507): CodeIgniter\CodeIgniter->runController(Object(App\Controllers\Student))
 8 SYSTEMPATH\CodeIgniter.php(354): CodeIgniter\CodeIgniter->handleRequest(null, Object(Config\Cache), false)
 9 SYSTEMPATH\Boot.php(363): CodeIgniter\CodeIgniter->run()
10 SYSTEMPATH\Boot.php(68): CodeIgniter\Boot::runCodeIgniter(Object(CodeIgniter\CodeIgniter))
11 FCPATH\index.php(59): CodeIgniter\Boot::bootWeb(Object(Config\Paths))
12 SYSTEMPATH\rewrite.php(44): require_once('C:\\Users\\Ersya Hasby Satria\\Documents\\GitHub\\Mission3-Proyek3\\CI4 - Mission3\\public\\index.php')
DEBUG - 2025-09-21 14:21:45 --> Session: Class initialized using 'CodeIgniter\Session\Handlers\FileHandler' driver.
DEBUG - 2025-09-21 14:21:55 --> Session: Class initialized using 'CodeIgniter\Session\Handlers\FileHandler' driver.
DEBUG - 2025-09-21 14:21:55 --> Session: Class initialized using 'CodeIgniter\Session\Handlers\FileHandler' driver.
DEBUG - 2025-09-21 14:21:56 --> Session: Class initialized using 'CodeIgniter\Session\Handlers\FileHandler' driver.
DEBUG - 2025-09-21 14:31:20 --> Session: Class initialized using 'CodeIgniter\Session\Handlers\FileHandler' driver.
DEBUG - 2025-09-21 14:31:26 --> Session: Class initialized using 'CodeIgniter\Session\Handlers\FileHandler' driver.
DEBUG - 2025-09-21 14:31:26 --> Session: Class initialized using 'CodeIgniter\Session\Handlers\FileHandler' driver.
DEBUG - 2025-09-21 14:31:27 --> Session: Class initialized using 'CodeIgniter\Session\Handlers\FileHandler' driver.
ERROR - 2025-09-21 14:31:27 --> mysqli_sql_exception: Unknown column 'e.student_id' in 'where clause' in C:\Users\Ersya Hasby Satria\Documents\GitHub\Mission3-Proyek3\CI4 - Mission3\system\Database\MySQLi\Connection.php:327
Stack trace:
#0 C:\Users\Ersya Hasby Satria\Documents\GitHub\Mission3-Proyek3\CI4 - Mission3\system\Database\MySQLi\Connection.php(327): mysqli->query('SELECT `c`.`id`...', 0)
#1 C:\Users\Ersya Hasby Satria\Documents\GitHub\Mission3-Proyek3\CI4 - Mission3\system\Database\BaseConnection.php(729): CodeIgniter\Database\MySQLi\Connection->execute('SELECT `c`.`id`...')
#2 C:\Users\Ersya Hasby Satria\Documents\GitHub\Mission3-Proyek3\CI4 - Mission3\system\Database\BaseConnection.php(646): CodeIgniter\Database\BaseConnection->simpleQuery('SELECT `c`.`id`...')
#3 C:\Users\Ersya Hasby Satria\Documents\GitHub\Mission3-Proyek3\CI4 - Mission3\system\Database\BaseBuilder.php(1649): CodeIgniter\Database\BaseConnection->query('SELECT `c`.`id`...', Array, false)
#4 C:\Users\Ersya Hasby Satria\Documents\GitHub\Mission3-Proyek3\CI4 - Mission3\app\Controllers\Student.php(35): CodeIgniter\Database\BaseBuilder->get()
#5 C:\Users\Ersya Hasby Satria\Documents\GitHub\Mission3-Proyek3\CI4 - Mission3\system\CodeIgniter.php(933): App\Controllers\Student->courses()
#6 C:\Users\Ersya Hasby Satria\Documents\GitHub\Mission3-Proyek3\CI4 - Mission3\system\CodeIgniter.php(507): CodeIgniter\CodeIgniter->runController(Object(App\Controllers\Student))
#7 C:\Users\Ersya Hasby Satria\Documents\GitHub\Mission3-Proyek3\CI4 - Mission3\system\CodeIgniter.php(354): CodeIgniter\CodeIgniter->handleRequest(NULL, Object(Config\Cache), false)
#8 C:\Users\Ersya Hasby Satria\Documents\GitHub\Mission3-Proyek3\CI4 - Mission3\system\Boot.php(363): CodeIgniter\CodeIgniter->run()
#9 C:\Users\Ersya Hasby Satria\Documents\GitHub\Mission3-Proyek3\CI4 - Mission3\system\Boot.php(68): CodeIgniter\Boot::runCodeIgniter(Object(CodeIgniter\CodeIgniter))
#10 C:\Users\Ersya Hasby Satria\Documents\GitHub\Mission3-Proyek3\CI4 - Mission3\public\index.php(59): CodeIgniter\Boot::bootWeb(Object(Config\Paths))
#11 C:\Users\Ersya Hasby Satria\Documents\GitHub\Mission3-Proyek3\CI4 - Mission3\system\rewrite.php(44): require_once('C:\\Users\\Ersya ...')
#12 {main}
CRITICAL - 2025-09-21 14:31:27 --> CodeIgniter\Database\Exceptions\DatabaseException: Unknown column 'e.student_id' in 'where clause'
[Method: GET, Route: student/courses]
in SYSTEMPATH\Database\BaseConnection.php on line 684.
 1 SYSTEMPATH\Database\BaseBuilder.php(1649): CodeIgniter\Database\BaseConnection->query('SELECT `c`.`id`, `c`.`title`, `c`.`description`
FROM `enrollments` `e`
JOIN `courses` `c` ON `c`.`id` = `e`.`course_id`
WHERE `e`.`student_id` = :e.student_id:', [...], false)
 2 APPPATH\Controllers\Student.php(35): CodeIgniter\Database\BaseBuilder->get()
 3 SYSTEMPATH\CodeIgniter.php(933): App\Controllers\Student->courses()
 4 SYSTEMPATH\CodeIgniter.php(507): CodeIgniter\CodeIgniter->runController(Object(App\Controllers\Student))
 5 SYSTEMPATH\CodeIgniter.php(354): CodeIgniter\CodeIgniter->handleRequest(null, Object(Config\Cache), false)
 6 SYSTEMPATH\Boot.php(363): CodeIgniter\CodeIgniter->run()
 7 SYSTEMPATH\Boot.php(68): CodeIgniter\Boot::runCodeIgniter(Object(CodeIgniter\CodeIgniter))
 8 FCPATH\index.php(59): CodeIgniter\Boot::bootWeb(Object(Config\Paths))
 9 SYSTEMPATH\rewrite.php(44): require_once('C:\\Users\\Ersya Hasby Satria\\Documents\\GitHub\\Mission3-Proyek3\\CI4 - Mission3\\public\\index.php')
CRITICAL - 2025-09-21 14:31:27 --> [Caused by] CodeIgniter\Database\Exceptions\DatabaseException: Unknown column 'e.student_id' in 'where clause'
in SYSTEMPATH\Database\MySQLi\Connection.php on line 332.
 1 SYSTEMPATH\Database\BaseConnection.php(729): CodeIgniter\Database\MySQLi\Connection->execute('SELECT `c`.`id`, `c`.`title`, `c`.`description`
FROM `enrollments` `e`
JOIN `courses` `c` ON `c`.`id` = `e`.`course_id`
WHERE `e`.`student_id` = \'2\'')
 2 SYSTEMPATH\Database\BaseConnection.php(646): CodeIgniter\Database\BaseConnection->simpleQuery('SELECT `c`.`id`, `c`.`title`, `c`.`description`
FROM `enrollments` `e`
JOIN `courses` `c` ON `c`.`id` = `e`.`course_id`
WHERE `e`.`student_id` = \'2\'')
 3 SYSTEMPATH\Database\BaseBuilder.php(1649): CodeIgniter\Database\BaseConnection->query('SELECT `c`.`id`, `c`.`title`, `c`.`description`
FROM `enrollments` `e`
JOIN `courses` `c` ON `c`.`id` = `e`.`course_id`
WHERE `e`.`student_id` = :e.student_id:', [...], false)
 4 APPPATH\Controllers\Student.php(35): CodeIgniter\Database\BaseBuilder->get()
 5 SYSTEMPATH\CodeIgniter.php(933): App\Controllers\Student->courses()
 6 SYSTEMPATH\CodeIgniter.php(507): CodeIgniter\CodeIgniter->runController(Object(App\Controllers\Student))
 7 SYSTEMPATH\CodeIgniter.php(354): CodeIgniter\CodeIgniter->handleRequest(null, Object(Config\Cache), false)
 8 SYSTEMPATH\Boot.php(363): CodeIgniter\CodeIgniter->run()
 9 SYSTEMPATH\Boot.php(68): CodeIgniter\Boot::runCodeIgniter(Object(CodeIgniter\CodeIgniter))
10 FCPATH\index.php(59): CodeIgniter\Boot::bootWeb(Object(Config\Paths))
11 SYSTEMPATH\rewrite.php(44): require_once('C:\\Users\\Ersya Hasby Satria\\Documents\\GitHub\\Mission3-Proyek3\\CI4 - Mission3\\public\\index.php')
CRITICAL - 2025-09-21 14:31:27 --> [Caused by] mysqli_sql_exception: Unknown column 'e.student_id' in 'where clause'
in SYSTEMPATH\Database\MySQLi\Connection.php on line 327.
 1 SYSTEMPATH\Database\MySQLi\Connection.php(327): mysqli->query('SELECT `c`.`id`, `c`.`title`, `c`.`description`
FROM `enrollments` `e`
JOIN `courses` `c` ON `c`.`id` = `e`.`course_id`
WHERE `e`.`student_id` = \'2\'', 0)
 2 SYSTEMPATH\Database\BaseConnection.php(729): CodeIgniter\Database\MySQLi\Connection->execute('SELECT `c`.`id`, `c`.`title`, `c`.`description`
FROM `enrollments` `e`
JOIN `courses` `c` ON `c`.`id` = `e`.`course_id`
WHERE `e`.`student_id` = \'2\'')
 3 SYSTEMPATH\Database\BaseConnection.php(646): CodeIgniter\Database\BaseConnection->simpleQuery('SELECT `c`.`id`, `c`.`title`, `c`.`description`
FROM `enrollments` `e`
JOIN `courses` `c` ON `c`.`id` = `e`.`course_id`
WHERE `e`.`student_id` = \'2\'')
 4 SYSTEMPATH\Database\BaseBuilder.php(1649): CodeIgniter\Database\BaseConnection->query('SELECT `c`.`id`, `c`.`title`, `c`.`description`
FROM `enrollments` `e`
JOIN `courses` `c` ON `c`.`id` = `e`.`course_id`
WHERE `e`.`student_id` = :e.student_id:', [...], false)
 5 APPPATH\Controllers\Student.php(35): CodeIgniter\Database\BaseBuilder->get()
 6 SYSTEMPATH\CodeIgniter.php(933): App\Controllers\Student->courses()
 7 SYSTEMPATH\CodeIgniter.php(507): CodeIgniter\CodeIgniter->runController(Object(App\Controllers\Student))
 8 SYSTEMPATH\CodeIgniter.php(354): CodeIgniter\CodeIgniter->handleRequest(null, Object(Config\Cache), false)
 9 SYSTEMPATH\Boot.php(363): CodeIgniter\CodeIgniter->run()
10 SYSTEMPATH\Boot.php(68): CodeIgniter\Boot::runCodeIgniter(Object(CodeIgniter\CodeIgniter))
11 FCPATH\index.php(59): CodeIgniter\Boot::bootWeb(Object(Config\Paths))
12 SYSTEMPATH\rewrite.php(44): require_once('C:\\Users\\Ersya Hasby Satria\\Documents\\GitHub\\Mission3-Proyek3\\CI4 - Mission3\\public\\index.php')
DEBUG - 2025-09-21 14:31:30 --> Session: Class initialized using 'CodeIgniter\Session\Handlers\FileHandler' driver.
ERROR - 2025-09-21 14:31:30 --> mysqli_sql_exception: Unknown column 'e.student_id' in 'where clause' in C:\Users\Ersya Hasby Satria\Documents\GitHub\Mission3-Proyek3\CI4 - Mission3\system\Database\MySQLi\Connection.php:327
Stack trace:
#0 C:\Users\Ersya Hasby Satria\Documents\GitHub\Mission3-Proyek3\CI4 - Mission3\system\Database\MySQLi\Connection.php(327): mysqli->query('SELECT `c`.`id`...', 0)
#1 C:\Users\Ersya Hasby Satria\Documents\GitHub\Mission3-Proyek3\CI4 - Mission3\system\Database\BaseConnection.php(729): CodeIgniter\Database\MySQLi\Connection->execute('SELECT `c`.`id`...')
#2 C:\Users\Ersya Hasby Satria\Documents\GitHub\Mission3-Proyek3\CI4 - Mission3\system\Database\BaseConnection.php(646): CodeIgniter\Database\BaseConnection->simpleQuery('SELECT `c`.`id`...')
#3 C:\Users\Ersya Hasby Satria\Documents\GitHub\Mission3-Proyek3\CI4 - Mission3\system\Database\BaseBuilder.php(1649): CodeIgniter\Database\BaseConnection->query('SELECT `c`.`id`...', Array, false)
#4 C:\Users\Ersya Hasby Satria\Documents\GitHub\Mission3-Proyek3\CI4 - Mission3\app\Controllers\Student.php(35): CodeIgniter\Database\BaseBuilder->get()
#5 C:\Users\Ersya Hasby Satria\Documents\GitHub\Mission3-Proyek3\CI4 - Mission3\system\CodeIgniter.php(933): App\Controllers\Student->courses()
#6 C:\Users\Ersya Hasby Satria\Documents\GitHub\Mission3-Proyek3\CI4 - Mission3\system\CodeIgniter.php(507): CodeIgniter\CodeIgniter->runController(Object(App\Controllers\Student))
#7 C:\Users\Ersya Hasby Satria\Documents\GitHub\Mission3-Proyek3\CI4 - Mission3\system\CodeIgniter.php(354): CodeIgniter\CodeIgniter->handleRequest(NULL, Object(Config\Cache), false)
#8 C:\Users\Ersya Hasby Satria\Documents\GitHub\Mission3-Proyek3\CI4 - Mission3\system\Boot.php(363): CodeIgniter\CodeIgniter->run()
#9 C:\Users\Ersya Hasby Satria\Documents\GitHub\Mission3-Proyek3\CI4 - Mission3\system\Boot.php(68): CodeIgniter\Boot::runCodeIgniter(Object(CodeIgniter\CodeIgniter))
#10 C:\Users\Ersya Hasby Satria\Documents\GitHub\Mission3-Proyek3\CI4 - Mission3\public\index.php(59): CodeIgniter\Boot::bootWeb(Object(Config\Paths))
#11 C:\Users\Ersya Hasby Satria\Documents\GitHub\Mission3-Proyek3\CI4 - Mission3\system\rewrite.php(44): require_once('C:\\Users\\Ersya ...')
#12 {main}
CRITICAL - 2025-09-21 14:31:30 --> CodeIgniter\Database\Exceptions\DatabaseException: Unknown column 'e.student_id' in 'where clause'
[Method: GET, Route: student/courses]
in SYSTEMPATH\Database\BaseConnection.php on line 684.
 1 SYSTEMPATH\Database\BaseBuilder.php(1649): CodeIgniter\Database\BaseConnection->query('SELECT `c`.`id`, `c`.`title`, `c`.`description`
FROM `enrollments` `e`
JOIN `courses` `c` ON `c`.`id` = `e`.`course_id`
WHERE `e`.`student_id` = :e.student_id:', [...], false)
 2 APPPATH\Controllers\Student.php(35): CodeIgniter\Database\BaseBuilder->get()
 3 SYSTEMPATH\CodeIgniter.php(933): App\Controllers\Student->courses()
 4 SYSTEMPATH\CodeIgniter.php(507): CodeIgniter\CodeIgniter->runController(Object(App\Controllers\Student))
 5 SYSTEMPATH\CodeIgniter.php(354): CodeIgniter\CodeIgniter->handleRequest(null, Object(Config\Cache), false)
 6 SYSTEMPATH\Boot.php(363): CodeIgniter\CodeIgniter->run()
 7 SYSTEMPATH\Boot.php(68): CodeIgniter\Boot::runCodeIgniter(Object(CodeIgniter\CodeIgniter))
 8 FCPATH\index.php(59): CodeIgniter\Boot::bootWeb(Object(Config\Paths))
 9 SYSTEMPATH\rewrite.php(44): require_once('C:\\Users\\Ersya Hasby Satria\\Documents\\GitHub\\Mission3-Proyek3\\CI4 - Mission3\\public\\index.php')
CRITICAL - 2025-09-21 14:31:30 --> [Caused by] CodeIgniter\Database\Exceptions\DatabaseException: Unknown column 'e.student_id' in 'where clause'
in SYSTEMPATH\Database\MySQLi\Connection.php on line 332.
 1 SYSTEMPATH\Database\BaseConnection.php(729): CodeIgniter\Database\MySQLi\Connection->execute('SELECT `c`.`id`, `c`.`title`, `c`.`description`
FROM `enrollments` `e`
JOIN `courses` `c` ON `c`.`id` = `e`.`course_id`
WHERE `e`.`student_id` = \'2\'')
 2 SYSTEMPATH\Database\BaseConnection.php(646): CodeIgniter\Database\BaseConnection->simpleQuery('SELECT `c`.`id`, `c`.`title`, `c`.`description`
FROM `enrollments` `e`
JOIN `courses` `c` ON `c`.`id` = `e`.`course_id`
WHERE `e`.`student_id` = \'2\'')
 3 SYSTEMPATH\Database\BaseBuilder.php(1649): CodeIgniter\Database\BaseConnection->query('SELECT `c`.`id`, `c`.`title`, `c`.`description`
FROM `enrollments` `e`
JOIN `courses` `c` ON `c`.`id` = `e`.`course_id`
WHERE `e`.`student_id` = :e.student_id:', [...], false)
 4 APPPATH\Controllers\Student.php(35): CodeIgniter\Database\BaseBuilder->get()
 5 SYSTEMPATH\CodeIgniter.php(933): App\Controllers\Student->courses()
 6 SYSTEMPATH\CodeIgniter.php(507): CodeIgniter\CodeIgniter->runController(Object(App\Controllers\Student))
 7 SYSTEMPATH\CodeIgniter.php(354): CodeIgniter\CodeIgniter->handleRequest(null, Object(Config\Cache), false)
 8 SYSTEMPATH\Boot.php(363): CodeIgniter\CodeIgniter->run()
 9 SYSTEMPATH\Boot.php(68): CodeIgniter\Boot::runCodeIgniter(Object(CodeIgniter\CodeIgniter))
10 FCPATH\index.php(59): CodeIgniter\Boot::bootWeb(Object(Config\Paths))
11 SYSTEMPATH\rewrite.php(44): require_once('C:\\Users\\Ersya Hasby Satria\\Documents\\GitHub\\Mission3-Proyek3\\CI4 - Mission3\\public\\index.php')
CRITICAL - 2025-09-21 14:31:30 --> [Caused by] mysqli_sql_exception: Unknown column 'e.student_id' in 'where clause'
in SYSTEMPATH\Database\MySQLi\Connection.php on line 327.
 1 SYSTEMPATH\Database\MySQLi\Connection.php(327): mysqli->query('SELECT `c`.`id`, `c`.`title`, `c`.`description`
FROM `enrollments` `e`
JOIN `courses` `c` ON `c`.`id` = `e`.`course_id`
WHERE `e`.`student_id` = \'2\'', 0)
 2 SYSTEMPATH\Database\BaseConnection.php(729): CodeIgniter\Database\MySQLi\Connection->execute('SELECT `c`.`id`, `c`.`title`, `c`.`description`
FROM `enrollments` `e`
JOIN `courses` `c` ON `c`.`id` = `e`.`course_id`
WHERE `e`.`student_id` = \'2\'')
 3 SYSTEMPATH\Database\BaseConnection.php(646): CodeIgniter\Database\BaseConnection->simpleQuery('SELECT `c`.`id`, `c`.`title`, `c`.`description`
FROM `enrollments` `e`
JOIN `courses` `c` ON `c`.`id` = `e`.`course_id`
WHERE `e`.`student_id` = \'2\'')
 4 SYSTEMPATH\Database\BaseBuilder.php(1649): CodeIgniter\Database\BaseConnection->query('SELECT `c`.`id`, `c`.`title`, `c`.`description`
FROM `enrollments` `e`
JOIN `courses` `c` ON `c`.`id` = `e`.`course_id`
WHERE `e`.`student_id` = :e.student_id:', [...], false)
 5 APPPATH\Controllers\Student.php(35): CodeIgniter\Database\BaseBuilder->get()
 6 SYSTEMPATH\CodeIgniter.php(933): App\Controllers\Student->courses()
 7 SYSTEMPATH\CodeIgniter.php(507): CodeIgniter\CodeIgniter->runController(Object(App\Controllers\Student))
 8 SYSTEMPATH\CodeIgniter.php(354): CodeIgniter\CodeIgniter->handleRequest(null, Object(Config\Cache), false)
 9 SYSTEMPATH\Boot.php(363): CodeIgniter\CodeIgniter->run()
10 SYSTEMPATH\Boot.php(68): CodeIgniter\Boot::runCodeIgniter(Object(CodeIgniter\CodeIgniter))
11 FCPATH\index.php(59): CodeIgniter\Boot::bootWeb(Object(Config\Paths))
12 SYSTEMPATH\rewrite.php(44): require_once('C:\\Users\\Ersya Hasby Satria\\Documents\\GitHub\\Mission3-Proyek3\\CI4 - Mission3\\public\\index.php')
DEBUG - 2025-09-21 14:31:32 --> Session: Class initialized using 'CodeIgniter\Session\Handlers\FileHandler' driver.
DEBUG - 2025-09-21 14:31:35 --> Session: Class initialized using 'CodeIgniter\Session\Handlers\FileHandler' driver.
DEBUG - 2025-09-21 14:31:40 --> Session: Class initialized using 'CodeIgniter\Session\Handlers\FileHandler' driver.
DEBUG - 2025-09-21 14:31:40 --> Session: Class initialized using 'CodeIgniter\Session\Handlers\FileHandler' driver.
DEBUG - 2025-09-21 14:31:41 --> Session: Class initialized using 'CodeIgniter\Session\Handlers\FileHandler' driver.
DEBUG - 2025-09-21 14:31:43 --> Session: Class initialized using 'CodeIgniter\Session\Handlers\FileHandler' driver.
DEBUG - 2025-09-21 14:31:45 --> Session: Class initialized using 'CodeIgniter\Session\Handlers\FileHandler' driver.
DEBUG - 2025-09-21 14:31:48 --> Session: Class initialized using 'CodeIgniter\Session\Handlers\FileHandler' driver.
DEBUG - 2025-09-21 14:40:13 --> Session: Class initialized using 'CodeIgniter\Session\Handlers\FileHandler' driver.
DEBUG - 2025-09-21 14:40:18 --> Session: Class initialized using 'CodeIgniter\Session\Handlers\FileHandler' driver.
DEBUG - 2025-09-21 14:40:18 --> Session: Class initialized using 'CodeIgniter\Session\Handlers\FileHandler' driver.
DEBUG - 2025-09-21 14:40:20 --> Session: Class initialized using 'CodeIgniter\Session\Handlers\FileHandler' driver.
DEBUG - 2025-09-21 14:40:20 --> Session: Class initialized using 'CodeIgniter\Session\Handlers\FileHandler' driver.
DEBUG - 2025-09-21 14:40:25 --> Session: Class initialized using 'CodeIgniter\Session\Handlers\FileHandler' driver.
DEBUG - 2025-09-21 14:40:27 --> Session: Class initialized using 'CodeIgniter\Session\Handlers\FileHandler' driver.
DEBUG - 2025-09-21 14:40:28 --> Session: Class initialized using 'CodeIgniter\Session\Handlers\FileHandler' driver.
DEBUG - 2025-09-21 14:40:29 --> Session: Class initialized using 'CodeIgniter\Session\Handlers\FileHandler' driver.
DEBUG - 2025-09-21 14:40:30 --> Session: Class initialized using 'CodeIgniter\Session\Handlers\FileHandler' driver.
DEBUG - 2025-09-21 14:40:31 --> Session: Class initialized using 'CodeIgniter\Session\Handlers\FileHandler' driver.
DEBUG - 2025-09-21 14:40:33 --> Session: Class initialized using 'CodeIgniter\Session\Handlers\FileHandler' driver.
DEBUG - 2025-09-21 14:41:00 --> Session: Class initialized using 'CodeIgniter\Session\Handlers\FileHandler' driver.
DEBUG - 2025-09-21 14:41:02 --> Session: Class initialized using 'CodeIgniter\Session\Handlers\FileHandler' driver.
DEBUG - 2025-09-21 14:41:05 --> Session: Class initialized using 'CodeIgniter\Session\Handlers\FileHandler' driver.
DEBUG - 2025-09-21 14:41:07 --> Session: Class initialized using 'CodeIgniter\Session\Handlers\FileHandler' driver.
DEBUG - 2025-09-21 14:41:12 --> Session: Class initialized using 'CodeIgniter\Session\Handlers\FileHandler' driver.
DEBUG - 2025-09-21 14:41:15 --> Session: Class initialized using 'CodeIgniter\Session\Handlers\FileHandler' driver.
DEBUG - 2025-09-21 14:41:16 --> Session: Class initialized using 'CodeIgniter\Session\Handlers\FileHandler' driver.
DEBUG - 2025-09-21 14:45:04 --> Session: Class initialized using 'CodeIgniter\Session\Handlers\FileHandler' driver.
DEBUG - 2025-09-21 14:45:10 --> Session: Class initialized using 'CodeIgniter\Session\Handlers\FileHandler' driver.
DEBUG - 2025-09-21 14:45:10 --> Session: Class initialized using 'CodeIgniter\Session\Handlers\FileHandler' driver.
DEBUG - 2025-09-21 14:45:12 --> Session: Class initialized using 'CodeIgniter\Session\Handlers\FileHandler' driver.
DEBUG - 2025-09-21 14:45:20 --> Session: Class initialized using 'CodeIgniter\Session\Handlers\FileHandler' driver.
DEBUG - 2025-09-21 14:45:24 --> Session: Class initialized using 'CodeIgniter\Session\Handlers\FileHandler' driver.
DEBUG - 2025-09-21 14:45:25 --> Session: Class initialized using 'CodeIgniter\Session\Handlers\FileHandler' driver.
DEBUG - 2025-09-21 14:45:28 --> Session: Class initialized using 'CodeIgniter\Session\Handlers\FileHandler' driver.
DEBUG - 2025-09-21 14:45:28 --> Session: Class initialized using 'CodeIgniter\Session\Handlers\FileHandler' driver.
DEBUG - 2025-09-21 14:45:36 --> Session: Class initialized using 'CodeIgniter\Session\Handlers\FileHandler' driver.
DEBUG - 2025-09-21 14:45:38 --> Session: Class initialized using 'CodeIgniter\Session\Handlers\FileHandler' driver.
